Handling lib "ca-bundle"...
Handling lib "zz_boards"...
Handling lib "sntp"...
cSuccess, built mqtt-pump-with-mac/esp8266 version 1.0 (20190422-093827).
Firmware saved to C:\mos\mqtt-pump-with-mac\build\fw.zip
 "mqtt"...
provision: Does not exist, cloning from "https://github.com/mongoose-os-libs/provision"...
Handling lib "mjs"...
Handling lib "http-server"...
zz_boards: Does not exist, cloning from "https://github.com/mongoose-os-libs/boards"...
mjs: Does not exist, cloning from "https://github.com/mongoose-os-libs/mjs"...
http-server: Does not exist, cloning from "https://github.com/mongoose-os-libs/http-server"...
mqtt: Does not exist, cloning from "https://github.com/mongoose-os-libs/mqtt"...
sntp: Does not exist, cloning from "https://github.com/mongoose-os-libs/sntp"...
Handling lib "rpc-uart"...
Handling lib "rpc-service-config"...
Handling lib "rpc-service-fs"...
Handling lib "rpc-service-wifi"...
Handling lib "adc"...
Handling lib "core"...
rpc-uart: Does not exist, cloning from "https://github.com/mongoose-os-libs/rpc-uart"...
rpc-service-config: Does not exist, cloning from "https://github.com/mongoose-os-libs/rpc-service-config"...
rpc-service-fs: Does not exist, cloning from "https://github.com/mongoose-os-libs/rpc-service-fs"...
adc: Does not exist, cloning from "https://github.com/mongoose-os-libs/adc"...
rpc-service-wifi: Does not exist, cloning from "https://github.com/mongoose-os-libs/rpc-service-wifi"...
core: Does not exist, cloning from "https://github.com/mongoose-os-libs/core"...
sntp: Checking out 2.12.1...
zz_boards: Checking out 2.12.1...
sntp: Done, hash 42591292134b829afbceeecd1d52cd510dd922c2
zz_boards: Done, hash 95d89d87f21b416ff866008639c95229e9bd817c
sntp: Hash is updated:  -> 42591292134b829afbceeecd1d52cd510dd922c2
sntp: Prepared local dir: "/data/fwbuild-volumes/2.12.1/apps/mqtt-pump-with-mac/esp8266/build_contexts/build_ctx_903793406/deps/sntp"
zz_boards: Hash is updated:  -> 95d89d87f21b416ff866008639c95229e9bd817c
zz_boards: Prepared local dir: "/data/fwbuild-volumes/2.12.1/apps/mqtt-pump-with-mac/esp8266/build_contexts/build_ctx_903793406/deps/boards"
provision: Checking out 2.12.1...
provision: Done, hash 86b02414390c2237219cf1a3720c1e78b54d8e78
provision: Hash is updated:  -> 86b02414390c2237219cf1a3720c1e78b54d8e78
provision: Prepared local dir: "/data/fwbuild-volumes/2.12.1/apps/mqtt-pump-with-mac/esp8266/build_contexts/build_ctx_903793406/deps/provision"
http-server: Checking out 2.12.1...
core: Checking out 2.12.1...
ca-bundle: Checking out 2.12.1...
adc: Checking out 2.12.1...
core: Done, hash 59c02b9a5039803b261a1b0e58079678ff53a3b1
ca-bundle: Done, hash d5a470b260e3485660ffed6b5b1c7c961bd2b88c
adc: Done, hash 66859b0ba3aa7c8184abb2b96433128e06b864bd
http-server: Done, hash 3854855a6342a1faed05a9c3511b93d3dc8d5389
core: Hash is updated:  -> 59c02b9a5039803b261a1b0e58079678ff53a3b1
core: Prepared local dir: "/data/fwbuild-volumes/2.12.1/apps/mqtt-pump-with-mac/esp8266/build_contexts/build_ctx_903793406/deps/core"
ca-bundle: Hash is updated:  -> d5a470b260e3485660ffed6b5b1c7c961bd2b88c
ca-bundle: Prepared local dir: "/data/fwbuild-volumes/2.12.1/apps/mqtt-pump-with-mac/esp8266/build_contexts/build_ctx_903793406/deps/ca-bundle"
adc: Hash is updated:  -> 66859b0ba3aa7c8184abb2b96433128e06b864bd
adc: Prepared local dir: "/data/fwbuild-volumes/2.12.1/apps/mqtt-pump-with-mac/esp8266/build_contexts/build_ctx_903793406/deps/adc"
http-server: Hash is updated:  -> 3854855a6342a1faed05a9c3511b93d3dc8d5389
http-server: Prepared local dir: "/data/fwbuild-volumes/2.12.1/apps/mqtt-pump-with-mac/esp8266/build_contexts/build_ctx_903793406/deps/http-server"
mjs: Checking out 2.12.1...
rpc-service-config: Checking out 2.12.1...
rpc-service-config: Done, hash d3f49b3877fa5f1088d3f4cd0912eaaba991f006
mjs: Done, hash 98fa2df2a43270c89f62681b6ea813df2c63ae37
rpc-service-config: Hash is updated:  -> d3f49b3877fa5f1088d3f4cd0912eaaba991f006
rpc-service-config: Prepared local dir: "/data/fwbuild-volumes/2.12.1/apps/mqtt-pump-with-mac/esp8266/build_contexts/build_ctx_903793406/deps/rpc-service-config"
mjs: Hash is updated:  -> 98fa2df2a43270c89f62681b6ea813df2c63ae37
mjs: Prepared local dir: "/data/fwbuild-volumes/2.12.1/apps/mqtt-pump-with-mac/esp8266/build_contexts/build_ctx_903793406/deps/mjs"
rpc-uart: Checking out 2.12.1...
rpc-uart: Done, hash 4c68e5d7b3eecb19ccc6128f111a118384ed20b4
rpc-uart: Hash is updated:  -> 4c68e5d7b3eecb19ccc6128f111a118384ed20b4
rpc-uart: Prepared local dir: "/data/fwbuild-volumes/2.12.1/apps/mqtt-pump-with-mac/esp8266/build_contexts/build_ctx_903793406/deps/rpc-uart"
rpc-service-wifi: Checking out 2.12.1...
rpc-service-wifi: Done, hash 792d3d379a0a1e8df4ed9a9f22152fae05d941dc
rpc-service-wifi: Hash is updated:  -> 792d3d379a0a1e8df4ed9a9f22152fae05d941dc
rpc-service-wifi: Prepared local dir: "/data/fwbuild-volumes/2.12.1/apps/mqtt-pump-with-mac/esp8266/build_contexts/build_ctx_903793406/deps/rpc-service-wifi"
rpc-service-fs: Checking out 2.12.1...
mqtt: Checking out 2.12.1...
rpc-service-fs: Done, hash d51b3684c361cd0e5ebdfe456b6dacaeae17155e
mqtt: Done, hash 4ba6a2b8a67b51838545f7a5b60b059c31f4bfb3
rpc-service-fs: Hash is updated:  -> d51b3684c361cd0e5ebdfe456b6dacaeae17155e
rpc-service-fs: Prepared local dir: "/data/fwbuild-volumes/2.12.1/apps/mqtt-pump-with-mac/esp8266/build_contexts/build_ctx_903793406/deps/rpc-service-fs"
mqtt: Hash is updated:  -> 4ba6a2b8a67b51838545f7a5b60b059c31f4bfb3
mqtt: Prepared local dir: "/data/fwbuild-volumes/2.12.1/apps/mqtt-pump-with-mac/esp8266/build_contexts/build_ctx_903793406/deps/mqtt"
Handling lib "mongoose"...
Handling lib "vfs-dev-part"...
Handling lib "vfs-fs-spiffs"...
mongoose: Does not exist, cloning from "https://github.com/mongoose-os-libs/mongoose"...
vfs-dev-part: Does not exist, cloning from "https://github.com/mongoose-os-libs/vfs-dev-part"...
vfs-fs-spiffs: Does not exist, cloning from "https://github.com/mongoose-os-libs/vfs-fs-spiffs"...
vfs-dev-part: Checking out 2.12.1...
vfs-dev-part: Done, hash 5a7aadd66bfcee7c4391120fc6636f20272bda0a
vfs-dev-part: Hash is updated:  -> 5a7aadd66bfcee7c4391120fc6636f20272bda0a
vfs-dev-part: Prepared local dir: "/data/fwbuild-volumes/2.12.1/apps/mqtt-pump-with-mac/esp8266/build_contexts/build_ctx_903793406/deps/vfs-dev-part"
vfs-fs-spiffs: Checking out 2.12.1...
vfs-fs-spiffs: Done, hash 17bc38527936dd8b5e7c38e8fa96a91c1a9d82fc
vfs-fs-spiffs: Hash is updated:  -> 17bc38527936dd8b5e7c38e8fa96a91c1a9d82fc
vfs-fs-spiffs: Prepared local dir: "/data/fwbuild-volumes/2.12.1/apps/mqtt-pump-with-mac/esp8266/build_contexts/build_ctx_903793406/deps/vfs-fs-spiffs"
mongoose: Checking out 2.12.1...
mongoose: Done, hash 6ec35c37090e0665eb62deca6dddff5f14a2d803
mongoose: Hash is updated:  -> 6ec35c37090e0665eb62deca6dddff5f14a2d803
mongoose: Prepared local dir: "/data/fwbuild-volumes/2.12.1/apps/mqtt-pump-with-mac/esp8266/build_contexts/build_ctx_903793406/deps/mongoose"
Handling lib "rpc-common"...
rpc-common: Does not exist, cloning from "https://github.com/mongoose-os-libs/rpc-common"...
rpc-common: Checking out 2.12.1...
rpc-common: Done, hash 806252fd5eeefb8e17532d6f6f7d90af3cf7d6cb
rpc-common: Hash is updated:  -> 806252fd5eeefb8e17532d6f6f7d90af3cf7d6cb
rpc-common: Prepared local dir: "/data/fwbuild-volumes/2.12.1/apps/mqtt-pump-with-mac/esp8266/build_contexts/build_ctx_903793406/deps/rpc-common"
Handling lib "wifi"...
wifi: Does not exist, cloning from "https://github.com/mongoose-os-libs/wifi"...
wifi: Checking out 2.12.1...
wifi: Done, hash a9a7d2bc4cb01e16f93e9eecb7e4aa56309488df
wifi: Hash is updated:  -> a9a7d2bc4cb01e16f93e9eecb7e4aa56309488df
wifi: Prepared local dir: "/data/fwbuild-volumes/2.12.1/apps/mqtt-pump-with-mac/esp8266/build_contexts/build_ctx_903793406/deps/wifi"
Handling lib "vfs-common"...
vfs-common: Does not exist, cloning from "https://github.com/mongoose-os-libs/vfs-common"...
vfs-common: Checking out 2.12.1...
vfs-common: Done, hash e668cbd6f9cfd468966f9d7e7229264d6c8937ba
vfs-common: Hash is updated:  -> e668cbd6f9cfd468966f9d7e7229264d6c8937ba
vfs-common: Prepared local dir: "/data/fwbuild-volumes/2.12.1/apps/mqtt-pump-with-mac/esp8266/build_contexts/build_ctx_903793406/deps/vfs-common"
Handling lib "mbedtls"...
mbedtls: Does not exist, cloning from "https://github.com/mongoose-os-libs/mbedtls"...
mbedtls: Checking out 2.12.1...
mbedtls: Done, hash 8109bfdfc65e9d39548b43406df713ef79a05b21
mbedtls: Hash is updated:  -> 8109bfdfc65e9d39548b43406df713ef79a05b21
mbedtls: Prepared local dir: "/data/fwbuild-volumes/2.12.1/apps/mqtt-pump-with-mac/esp8266/build_contexts/build_ctx_903793406/deps/mbedtls"
Handling lib "atca"...
atca: Does not exist, cloning from "https://github.com/mongoose-os-libs/atca"...
atca: Checking out 2.12.1...
atca: Done, hash e7734361b3e781eec886406036005e20495f3e76
atca: Hash is updated:  -> e7734361b3e781eec886406036005e20495f3e76
atca: Prepared local dir: "/data/fwbuild-volumes/2.12.1/apps/mqtt-pump-with-mac/esp8266/build_contexts/build_ctx_903793406/deps/atca"
Handling lib "i2c"...
i2c: Does not exist, cloning from "https://github.com/mongoose-os-libs/i2c"...
i2c: Checking out 2.12.1...
i2c: Done, hash 98fdd22a47c43469be9c642f3e27bba5e016cf8e
i2c: Hash is updated:  -> 98fdd22a47c43469be9c642f3e27bba5e016cf8e
i2c: Prepared local dir: "/data/fwbuild-volumes/2.12.1/apps/mqtt-pump-with-mac/esp8266/build_contexts/build_ctx_903793406/deps/i2c"
The flag --module is not given for the module "mjs_module", going to use the repository
mjs_module: Does not exist, cloning from "https://github.com/cesanta/mjs"...
mjs_module: Checking out 2.12.1...
mjs_module: Done, hash 81c647aecbe8e4afceb2ccc4eaed555a0d42edbc
The flag --repo is not given, going to use mongoose-os repository
mongoose-os: Does not exist, cloning from "https://github.com/cesanta/mongoose-os"...
mongoose-os: Checking out 2.12.1...
mongoose-os: Done, hash dd403d6effe7c536f561f6e7222f4ef3e76fa4b2
Successfully fetched prebuilt binary for "mbedtls" to "/data/fwbuild-volumes/2.12.1/apps/mqtt-pump-with-mac/esp8266/build_contexts/build_ctx_903793406/build/objs/libmbedtls-esp8266-2.12.1.a"
Successfully fetched prebuilt binary for "mongoose" to "/data/fwbuild-volumes/2.12.1/apps/mqtt-pump-with-mac/esp8266/build_contexts/build_ctx_903793406/build/objs/libmongoose-esp8266-2.12.1.a"
Sources: [/data/fwbuild-volumes/2.12.1/apps/mqtt-pump-with-mac/esp8266/build_contexts/build_ctx_903793406/src/main.c /data/fwbuild-volumes/2.12.1/apps/mqtt-pump-with-mac/esp8266/build_contexts/build_ctx_903793406/build/gen/mgos_deps_init.c /data/fwbuild-volumes/2.12.1/apps/mqtt-pump-with-mac/esp8266/build_contexts/build_ctx_903793406/deps/adc/esp8266/src/esp_adc.c /data/fwbuild-volumes/2.12.1/apps/mqtt-pump-with-mac/esp8266/build_contexts/build_ctx_903793406/deps/i2c/src/mgos_i2c_master.c /data/fwbuild-volumes/2.12.1/apps/mqtt-pump-with-mac/esp8266/build_contexts/build_ctx_903793406/deps/i2c/src/gpio/gpio_i2c_master.c /data/fwbuild-volumes/2.12.1/apps/mqtt-pump-with-mac/esp8266/build_contexts/build_ctx_903793406/deps/atca/src/mgos_atca.c /data/fwbuild-volumes/2.12.1/apps/mqtt-pump-with-mac/esp8266/build_contexts/build_ctx_903793406/deps/atca/cryptoauthlib/lib/atca_cfgs.c /data/fwbuild-volumes/2.12.1/apps/mqtt-pump-with-mac/esp8266/build_contexts/build_ctx_903793406/deps/atca/cryptoauthlib/lib/atca_command.c /data/fwbuild-volumes/2.12.1/apps/mqtt-pump-with-mac/esp8266/build_contexts/build_ctx_903793406/deps/atca/cryptoauthlib/lib/atca_device.c /data/fwbuild-volumes/2.12.1/apps/mqtt-pump-with-mac/esp8266/build_contexts/build_ctx_903793406/deps/atca/cryptoauthlib/lib/atca_iface.c /data/fwbuild-volumes/2.12.1/apps/mqtt-pump-with-mac/esp8266/build_contexts/build_ctx_903793406/deps/atca/cryptoauthlib/lib/basic/atca_basic.c /data/fwbuild-volumes/2.12.1/apps/mqtt-pump-with-mac/esp8266/build_contexts/build_ctx_903793406/deps/atca/cryptoauthlib/lib/basic/atca_helpers.c /data/fwbuild-volumes/2.12.1/apps/mqtt-pump-with-mac/esp8266/build_contexts/build_ctx_903793406/deps/atca/cryptoauthlib/lib/host/atca_host.c /data/fwbuild-volumes/2.12.1/apps/mqtt-pump-with-mac/esp8266/build_contexts/build_ctx_903793406/deps/vfs-common/src/mgos_vfs.c /data/fwbuild-volumes/2.12.1/apps/mqtt-pump-with-mac/esp8266/build_contexts/build_ctx_903793406/deps/vfs-common/src/mgos_vfs_dev.c /data/fwbuild-volumes/2.12.1/apps/mqtt-pump-with-mac/esp8266/build_contexts/build_ctx_903793406/deps/vfs-common/src/mgos_vfs_internal.c /data/fwbuild-volumes/2.12.1/apps/mqtt-pump-with-mac/esp8266/build_contexts/build_ctx_903793406/deps/vfs-common/src/esp8266/esp_flash_writer.c /data/fwbuild-volumes/2.12.1/apps/mqtt-pump-with-mac/esp8266/build_contexts/build_ctx_903793406/deps/vfs-common/src/esp8266/esp_fs.c /data/fwbuild-volumes/2.12.1/apps/mqtt-pump-with-mac/esp8266/build_contexts/build_ctx_903793406/deps/vfs-common/src/esp8266/esp_vfs_dev_sysflash.c /data/fwbuild-volumes/2.12.1/apps/mqtt-pump-with-mac/esp8266/build_contexts/build_ctx_903793406/deps/vfs-dev-part/src/mgos_vfs_dev_part.c /data/fwbuild-volumes/2.12.1/apps/mqtt-pump-with-mac/esp8266/build_contexts/build_ctx_903793406/deps/vfs-fs-spiffs/src/mgos_vfs_fs_spiffs.c /data/fwbuild-volumes/2.12.1/apps/mqtt-pump-with-mac/esp8266/build_contexts/build_ctx_903793406/deps/vfs-fs-spiffs/src/spiffs/spiffs_cache.c /data/fwbuild-volumes/2.12.1/apps/mqtt-pump-with-mac/esp8266/build_contexts/build_ctx_903793406/deps/vfs-fs-spiffs/src/spiffs/spiffs_check.c /data/fwbuild-volumes/2.12.1/apps/mqtt-pump-with-mac/esp8266/build_contexts/build_ctx_903793406/deps/vfs-fs-spiffs/src/spiffs/spiffs_gc.c /data/fwbuild-volumes/2.12.1/apps/mqtt-pump-with-mac/esp8266/build_contexts/build_ctx_903793406/deps/vfs-fs-spiffs/src/spiffs/spiffs_hydrogen.c /data/fwbuild-volumes/2.12.1/apps/mqtt-pump-with-mac/esp8266/build_contexts/build_ctx_903793406/deps/vfs-fs-spiffs/src/spiffs/spiffs_nucleus.c /data/fwbuild-volumes/2.12.1/apps/mqtt-pump-with-mac/esp8266/build_contexts/build_ctx_903793406/deps/core/src/mgos_core.c /data/fwbuild-volumes/2.12.1/apps/mqtt-pump-with-mac/esp8266/build_contexts/build_ctx_903793406/deps/core/src/esp8266/esp_rboot.c /data/fwbuild-volumes/2.12.1/apps/mqtt-pump-with-mac/esp8266/build_contexts/build_ctx_903793406/deps/http-server/src/mgos_http_server.c /data/fwbuild-volumes/2.12.1/apps/mqtt-pump-with-mac/esp8266/build_contexts/build_ctx_903793406/deps/mjs/src/mos_mjs.c /data/fwbuild-volumes/2.12.1/apps/mqtt-pump-with-mac/esp8266/build_contexts/build_ctx_903793406/deps/modules/mjs/mjs.c /data/fwbuild-volumes/2.12.1/apps/mqtt-pump-with-mac/esp8266/build_contexts/build_ctx_903793406/deps/mjs/esp8266/src/esp8266_mjs.c /data/fwbuild-volumes/2.12.1/apps/mqtt-pump-with-mac/esp8266/build_contexts/build_ctx_903793406/deps/mqtt/src/mgos_mqtt.c /data/fwbuild-volumes/2.12.1/apps/mqtt-pump-with-mac/esp8266/build_contexts/build_ctx_903793406/deps/provision/src/mgos_provision.c /data/fwbuild-volumes/2.12.1/apps/mqtt-pump-with-mac/esp8266/build_contexts/build_ctx_903793406/deps/provision/src/mgos_provision_btn.c /data/fwbuild-volumes/2.12.1/apps/mqtt-pump-with-mac/esp8266/build_contexts/build_ctx_903793406/deps/provision/src/mgos_provision_led.c /data/fwbuild-volumes/2.12.1/apps/mqtt-pump-with-mac/esp8266/build_contexts/build_ctx_903793406/deps/provision/src/mgos_provision_state.c /data/fwbuild-volumes/2.12.1/apps/mqtt-pump-with-mac/esp8266/build_contexts/build_ctx_903793406/deps/rpc-common/src/mg_rpc.c /data/fwbuild-volumes/2.12.1/apps/mqtt-pump-with-mac/esp8266/build_contexts/build_ctx_903793406/deps/rpc-common/src/mg_rpc_channel.c /data/fwbuild-volumes/2.12.1/apps/mqtt-pump-with-mac/esp8266/build_contexts/build_ctx_903793406/deps/rpc-common/src/mg_rpc_channel_http.c /data/fwbuild-volumes/2.12.1/apps/mqtt-pump-with-mac/esp8266/build_contexts/build_ctx_903793406/deps/rpc-common/src/mgos_rpc.c /data/fwbuild-volumes/2.12.1/apps/mqtt-pump-with-mac/esp8266/build_contexts/build_ctx_903793406/deps/rpc-service-config/src/mgos_service_config.c /data/fwbuild-volumes/2.12.1/apps/mqtt-pump-with-mac/esp8266/build_contexts/build_ctx_903793406/deps/rpc-service-fs/src/mgos_service_filesystem.c /data/fwbuild-volumes/2.12.1/apps/mqtt-pump-with-mac/esp8266/build_contexts/build_ctx_903793406/deps/wifi/src/mgos_wifi.c /data/fwbuild-volumes/2.12.1/apps/mqtt-pump-with-mac/esp8266/build_contexts/build_ctx_903793406/deps/wifi/src/mjs_wifi.c /data/fwbuild-volumes/2.12.1/apps/mqtt-pump-with-mac/esp8266/build_contexts/build_ctx_903793406/deps/wifi/esp8266/src/esp_wifi.c /data/fwbuild-volumes/2.12.1/apps/mqtt-pump-with-mac/esp8266/build_contexts/build_ctx_903793406/deps/rpc-service-wifi/src/mgos_rpc_service_wifi.c /data/fwbuild-volumes/2.12.1/apps/mqtt-pump-with-mac/esp8266/build_contexts/build_ctx_903793406/deps/rpc-uart/src/mgos_rpc_channel_uart.c /data/fwbuild-volumes/2.12.1/apps/mqtt-pump-with-mac/esp8266/build_contexts/build_ctx_903793406/deps/sntp/src/mgos_sntp.c]
Include dirs: [/data/fwbuild-volumes/2.12.1/apps/mqtt-pump-with-mac/esp8266/build_contexts/build_ctx_903793406/deps/adc/include /data/fwbuild-volumes/2.12.1/apps/mqtt-pump-with-mac/esp8266/build_contexts/build_ctx_903793406/deps/adc/esp8266/include /data/fwbuild-volumes/2.12.1/apps/mqtt-pump-with-mac/esp8266/build_contexts/build_ctx_903793406/deps/i2c/include /data/fwbuild-volumes/2.12.1/apps/mqtt-pump-with-mac/esp8266/build_contexts/build_ctx_903793406/deps/atca/include /data/fwbuild-volumes/2.12.1/apps/mqtt-pump-with-mac/esp8266/build_contexts/build_ctx_903793406/deps/atca/cryptoauthlib/lib /data/fwbuild-volumes/2.12.1/apps/mqtt-pump-with-mac/esp8266/build_contexts/build_ctx_903793406/deps/mbedtls/include /data/fwbuild-volumes/2.12.1/apps/mqtt-pump-with-mac/esp8266/build_contexts/build_ctx_903793406/deps/mbedtls/include/esp8266 /data/fwbuild-volumes/2.12.1/apps/mqtt-pump-with-mac/esp8266/build_contexts/build_ctx_903793406/deps/mbedtls/mbedtls/include /data/fwbuild-volumes/2.12.1/apps/mqtt-pump-with-mac/esp8266/build_contexts/build_ctx_903793406/deps/vfs-common/include /data/fwbuild-volumes/2.12.1/apps/mqtt-pump-with-mac/esp8266/build_contexts/build_ctx_903793406/deps/vfs-common/include/esp8266 /data/fwbuild-volumes/2.12.1/apps/mqtt-pump-with-mac/esp8266/build_contexts/build_ctx_903793406/deps/mongoose/include /data/fwbuild-volumes/2.12.1/apps/mqtt-pump-with-mac/esp8266/build_contexts/build_ctx_903793406/deps/vfs-dev-part/include /data/fwbuild-volumes/2.12.1/apps/mqtt-pump-with-mac/esp8266/build_contexts/build_ctx_903793406/deps/vfs-fs-spiffs/include /data/fwbuild-volumes/2.12.1/apps/mqtt-pump-with-mac/esp8266/build_contexts/build_ctx_903793406/deps/vfs-fs-spiffs/include/spiffs /data/fwbuild-volumes/2.12.1/apps/mqtt-pump-with-mac/esp8266/build_contexts/build_ctx_903793406/deps/vfs-fs-spiffs/include/esp8266 /data/fwbuild-volumes/2.12.1/apps/mqtt-pump-with-mac/esp8266/build_contexts/build_ctx_903793406/deps/core/include /data/fwbuild-volumes/2.12.1/apps/mqtt-pump-with-mac/esp8266/build_contexts/build_ctx_903793406/deps/core/include/esp8266 /data/fwbuild-volumes/2.12.1/apps/mqtt-pump-with-mac/esp8266/build_contexts/build_ctx_903793406/deps/http-server/include /data/fwbuild-volumes/2.12.1/apps/mqtt-pump-with-mac/esp8266/build_contexts/build_ctx_903793406/deps/mjs/include /data/fwbuild-volumes/2.12.1/apps/mqtt-pump-with-mac/esp8266/build_contexts/build_ctx_903793406/deps/mqtt/include /data/fwbuild-volumes/2.12.1/apps/mqtt-pump-with-mac/esp8266/build_contexts/build_ctx_903793406/deps/provision/include /data/fwbuild-volumes/2.12.1/apps/mqtt-pump-with-mac/esp8266/build_contexts/build_ctx_903793406/deps/rpc-common/include /data/fwbuild-volumes/2.12.1/apps/mqtt-pump-with-mac/esp8266/build_contexts/build_ctx_903793406/deps/rpc-service-config/include /data/fwbuild-volumes/2.12.1/apps/mqtt-pump-with-mac/esp8266/build_contexts/build_ctx_903793406/deps/rpc-service-fs/include /data/fwbuild-volumes/2.12.1/apps/mqtt-pump-with-mac/esp8266/build_contexts/build_ctx_903793406/deps/wifi/include /data/fwbuild-volumes/2.12.1/apps/mqtt-pump-with-mac/esp8266/build_contexts/build_ctx_903793406/deps/rpc-uart/include]
Binary libs: [/data/fwbuild-volumes/2.12.1/apps/mqtt-pump-with-mac/esp8266/build_contexts/build_ctx_903793406/build/objs/libmbedtls-esp8266-2.12.1.a /data/fwbuild-volumes/2.12.1/apps/mqtt-pump-with-mac/esp8266/build_contexts/build_ctx_903793406/build/objs/libmongoose-esp8266-2.12.1.a]
Building...
mount from "/data/fwbuild-volumes/2.12.1/apps/mqtt-pump-with-mac/esp8266/build_contexts/build_ctx_903793406" to "/app"
mount from "/data/fwbuild-volumes/2.12.1/apps/mqtt-pump-with-mac/esp8266/build_contexts/build_ctx_903793406/deps/modules/mongoose-os" to "/mongoose-os"
mount from "/data/fwbuild-volumes/2.12.1/apps/mqtt-pump-with-mac/esp8266/build_contexts/build_ctx_903793406/deps/modules/mongoose-os" to "/data/fwbuild-volumes/2.12.1/apps/mqtt-pump-with-mac/esp8266/build_contexts/build_ctx_903793406/deps/modules/mongoose-os"
mount from "/data/fwbuild-volumes/2.12.1/apps/mqtt-pump-with-mac/esp8266/build_contexts/build_ctx_903793406/build" to "/data/fwbuild-volumes/2.12.1/apps/mqtt-pump-with-mac/esp8266/build_contexts/build_ctx_903793406/build"
mount from "/data/fwbuild-volumes/2.12.1/apps/mqtt-pump-with-mac/esp8266/build_contexts/build_ctx_903793406/src" to "/data/fwbuild-volumes/2.12.1/apps/mqtt-pump-with-mac/esp8266/build_contexts/build_ctx_903793406/src"
mount from "/data/fwbuild-volumes/2.12.1/apps/mqtt-pump-with-mac/esp8266/build_contexts/build_ctx_903793406/build/gen" to "/data/fwbuild-volumes/2.12.1/apps/mqtt-pump-with-mac/esp8266/build_contexts/build_ctx_903793406/build/gen"
mount from "/data/fwbuild-volumes/2.12.1/apps/mqtt-pump-with-mac/esp8266/build_contexts/build_ctx_903793406/deps/adc/esp8266/src" to "/data/fwbuild-volumes/2.12.1/apps/mqtt-pump-with-mac/esp8266/build_contexts/build_ctx_903793406/deps/adc/esp8266/src"
mount from "/data/fwbuild-volumes/2.12.1/apps/mqtt-pump-with-mac/esp8266/build_contexts/build_ctx_903793406/deps/i2c/src" to "/data/fwbuild-volumes/2.12.1/apps/mqtt-pump-with-mac/esp8266/build_contexts/build_ctx_903793406/deps/i2c/src"
mount from "/data/fwbuild-volumes/2.12.1/apps/mqtt-pump-with-mac/esp8266/build_contexts/build_ctx_903793406/deps/i2c/src/gpio" to "/data/fwbuild-volumes/2.12.1/apps/mqtt-pump-with-mac/esp8266/build_contexts/build_ctx_903793406/deps/i2c/src/gpio"
mount from "/data/fwbuild-volumes/2.12.1/apps/mqtt-pump-with-mac/esp8266/build_contexts/build_ctx_903793406/deps/atca/src" to "/data/fwbuild-volumes/2.12.1/apps/mqtt-pump-with-mac/esp8266/build_contexts/build_ctx_903793406/deps/atca/src"
mount from "/data/fwbuild-volumes/2.12.1/apps/mqtt-pump-with-mac/esp8266/build_contexts/build_ctx_903793406/deps/atca/cryptoauthlib/lib" to "/data/fwbuild-volumes/2.12.1/apps/mqtt-pump-with-mac/esp8266/build_contexts/build_ctx_903793406/deps/atca/cryptoauthlib/lib"
mount from "/data/fwbuild-volumes/2.12.1/apps/mqtt-pump-with-mac/esp8266/build_contexts/build_ctx_903793406/deps/atca/cryptoauthlib/lib/basic" to "/data/fwbuild-volumes/2.12.1/apps/mqtt-pump-with-mac/esp8266/build_contexts/build_ctx_903793406/deps/atca/cryptoauthlib/lib/basic"
mount from "/data/fwbuild-volumes/2.12.1/apps/mqtt-pump-with-mac/esp8266/build_contexts/build_ctx_903793406/deps/atca/cryptoauthlib/lib/crypto" to "/data/fwbuild-volumes/2.12.1/apps/mqtt-pump-with-mac/esp8266/build_contexts/build_ctx_903793406/deps/atca/cryptoauthlib/lib/crypto"
mount from "/data/fwbuild-volumes/2.12.1/apps/mqtt-pump-with-mac/esp8266/build_contexts/build_ctx_903793406/deps/atca/cryptoauthlib/lib/hal" to "/data/fwbuild-volumes/2.12.1/apps/mqtt-pump-with-mac/esp8266/build_contexts/build_ctx_903793406/deps/atca/cryptoauthlib/lib/hal"
mount from "/data/fwbuild-volumes/2.12.1/apps/mqtt-pump-with-mac/esp8266/build_contexts/build_ctx_903793406/deps/atca/cryptoauthlib/lib/host" to "/data/fwbuild-volumes/2.12.1/apps/mqtt-pump-with-mac/esp8266/build_contexts/build_ctx_903793406/deps/atca/cryptoauthlib/lib/host"
mount from "/data/fwbuild-volumes/2.12.1/apps/mqtt-pump-with-mac/esp8266/build_contexts/build_ctx_903793406/deps/vfs-common/src" to "/data/fwbuild-volumes/2.12.1/apps/mqtt-pump-with-mac/esp8266/build_contexts/build_ctx_903793406/deps/vfs-common/src"
mount from "/data/fwbuild-volumes/2.12.1/apps/mqtt-pump-with-mac/esp8266/build_contexts/build_ctx_903793406/deps/vfs-common/src/esp8266" to "/data/fwbuild-volumes/2.12.1/apps/mqtt-pump-with-mac/esp8266/build_contexts/build_ctx_903793406/deps/vfs-common/src/esp8266"
mount from "/data/fwbuild-volumes/2.12.1/apps/mqtt-pump-with-mac/esp8266/build_contexts/build_ctx_903793406/deps/vfs-dev-part/src" to "/data/fwbuild-volumes/2.12.1/apps/mqtt-pump-with-mac/esp8266/build_contexts/build_ctx_903793406/deps/vfs-dev-part/src"
mount from "/data/fwbuild-volumes/2.12.1/apps/mqtt-pump-with-mac/esp8266/build_contexts/build_ctx_903793406/deps/vfs-fs-spiffs/src" to "/data/fwbuild-volumes/2.12.1/apps/mqtt-pump-with-mac/esp8266/build_contexts/build_ctx_903793406/deps/vfs-fs-spiffs/src"
mount from "/data/fwbuild-volumes/2.12.1/apps/mqtt-pump-with-mac/esp8266/build_contexts/build_ctx_903793406/deps/vfs-fs-spiffs/src/spiffs" to "/data/fwbuild-volumes/2.12.1/apps/mqtt-pump-with-mac/esp8266/build_contexts/build_ctx_903793406/deps/vfs-fs-spiffs/src/spiffs"
mount from "/data/fwbuild-volumes/2.12.1/apps/mqtt-pump-with-mac/esp8266/build_contexts/build_ctx_903793406/deps/core/src" to "/data/fwbuild-volumes/2.12.1/apps/mqtt-pump-with-mac/esp8266/build_contexts/build_ctx_903793406/deps/core/src"
mount from "/data/fwbuild-volumes/2.12.1/apps/mqtt-pump-with-mac/esp8266/build_contexts/build_ctx_903793406/deps/core/src/esp8266" to "/data/fwbuild-volumes/2.12.1/apps/mqtt-pump-with-mac/esp8266/build_contexts/build_ctx_903793406/deps/core/src/esp8266"
mount from "/data/fwbuild-volumes/2.12.1/apps/mqtt-pump-with-mac/esp8266/build_contexts/build_ctx_903793406/deps/http-server/src" to "/data/fwbuild-volumes/2.12.1/apps/mqtt-pump-with-mac/esp8266/build_contexts/build_ctx_903793406/deps/http-server/src"
mount from "/data/fwbuild-volumes/2.12.1/apps/mqtt-pump-with-mac/esp8266/build_contexts/build_ctx_903793406/deps/mjs/src" to "/data/fwbuild-volumes/2.12.1/apps/mqtt-pump-with-mac/esp8266/build_contexts/build_ctx_903793406/deps/mjs/src"
mount from "/data/fwbuild-volumes/2.12.1/apps/mqtt-pump-with-mac/esp8266/build_contexts/build_ctx_903793406/deps/modules/mjs" to "/data/fwbuild-volumes/2.12.1/apps/mqtt-pump-with-mac/esp8266/build_contexts/build_ctx_903793406/deps/modules/mjs"
mount from "/data/fwbuild-volumes/2.12.1/apps/mqtt-pump-with-mac/esp8266/build_contexts/build_ctx_903793406/deps/mjs/esp8266/src" to "/data/fwbuild-volumes/2.12.1/apps/mqtt-pump-with-mac/esp8266/build_contexts/build_ctx_903793406/deps/mjs/esp8266/src"
mount from "/data/fwbuild-volumes/2.12.1/apps/mqtt-pump-with-mac/esp8266/build_contexts/build_ctx_903793406/deps/mqtt/src" to "/data/fwbuild-volumes/2.12.1/apps/mqtt-pump-with-mac/esp8266/build_contexts/build_ctx_903793406/deps/mqtt/src"
mount from "/data/fwbuild-volumes/2.12.1/apps/mqtt-pump-with-mac/esp8266/build_contexts/build_ctx_903793406/deps/provision/src" to "/data/fwbuild-volumes/2.12.1/apps/mqtt-pump-with-mac/esp8266/build_contexts/build_ctx_903793406/deps/provision/src"
mount from "/data/fwbuild-volumes/2.12.1/apps/mqtt-pump-with-mac/esp8266/build_contexts/build_ctx_903793406/deps/rpc-common/src" to "/data/fwbuild-volumes/2.12.1/apps/mqtt-pump-with-mac/esp8266/build_contexts/build_ctx_903793406/deps/rpc-common/src"
mount from "/data/fwbuild-volumes/2.12.1/apps/mqtt-pump-with-mac/esp8266/build_contexts/build_ctx_903793406/deps/rpc-service-config/src" to "/data/fwbuild-volumes/2.12.1/apps/mqtt-pump-with-mac/esp8266/build_contexts/build_ctx_903793406/deps/rpc-service-config/src"
mount from "/data/fwbuild-volumes/2.12.1/apps/mqtt-pump-with-mac/esp8266/build_contexts/build_ctx_903793406/deps/rpc-service-fs/src" to "/data/fwbuild-volumes/2.12.1/apps/mqtt-pump-with-mac/esp8266/build_contexts/build_ctx_903793406/deps/rpc-service-fs/src"
mount from "/data/fwbuild-volumes/2.12.1/apps/mqtt-pump-with-mac/esp8266/build_contexts/build_ctx_903793406/deps/wifi/src" to "/data/fwbuild-volumes/2.12.1/apps/mqtt-pump-with-mac/esp8266/build_contexts/build_ctx_903793406/deps/wifi/src"
mount from "/data/fwbuild-volumes/2.12.1/apps/mqtt-pump-with-mac/esp8266/build_contexts/build_ctx_903793406/deps/wifi/esp8266/src" to "/data/fwbuild-volumes/2.12.1/apps/mqtt-pump-with-mac/esp8266/build_contexts/build_ctx_903793406/deps/wifi/esp8266/src"
mount from "/data/fwbuild-volumes/2.12.1/apps/mqtt-pump-with-mac/esp8266/build_contexts/build_ctx_903793406/deps/rpc-service-wifi/src" to "/data/fwbuild-volumes/2.12.1/apps/mqtt-pump-with-mac/esp8266/build_contexts/build_ctx_903793406/deps/rpc-service-wifi/src"
mount from "/data/fwbuild-volumes/2.12.1/apps/mqtt-pump-with-mac/esp8266/build_contexts/build_ctx_903793406/deps/rpc-uart/src" to "/data/fwbuild-volumes/2.12.1/apps/mqtt-pump-with-mac/esp8266/build_contexts/build_ctx_903793406/deps/rpc-uart/src"
mount from "/data/fwbuild-volumes/2.12.1/apps/mqtt-pump-with-mac/esp8266/build_contexts/build_ctx_903793406/deps/sntp/src" to "/data/fwbuild-volumes/2.12.1/apps/mqtt-pump-with-mac/esp8266/build_contexts/build_ctx_903793406/deps/sntp/src"
mount from "/data/fwbuild-volumes/2.12.1/apps/mqtt-pump-with-mac/esp8266/build_contexts/build_ctx_903793406/deps/adc/include" to "/data/fwbuild-volumes/2.12.1/apps/mqtt-pump-with-mac/esp8266/build_contexts/build_ctx_903793406/deps/adc/include"
mount from "/data/fwbuild-volumes/2.12.1/apps/mqtt-pump-with-mac/esp8266/build_contexts/build_ctx_903793406/deps/adc/esp8266/include" to "/data/fwbuild-volumes/2.12.1/apps/mqtt-pump-with-mac/esp8266/build_contexts/build_ctx_903793406/deps/adc/esp8266/include"
mount from "/data/fwbuild-volumes/2.12.1/apps/mqtt-pump-with-mac/esp8266/build_contexts/build_ctx_903793406/deps/i2c/include" to "/data/fwbuild-volumes/2.12.1/apps/mqtt-pump-with-mac/esp8266/build_contexts/build_ctx_903793406/deps/i2c/include"
mount from "/data/fwbuild-volumes/2.12.1/apps/mqtt-pump-with-mac/esp8266/build_contexts/build_ctx_903793406/deps/atca/include" to "/data/fwbuild-volumes/2.12.1/apps/mqtt-pump-with-mac/esp8266/build_contexts/build_ctx_903793406/deps/atca/include"
mount from "/data/fwbuild-volumes/2.12.1/apps/mqtt-pump-with-mac/esp8266/build_contexts/build_ctx_903793406/deps/atca/cryptoauthlib/lib" to "/data/fwbuild-volumes/2.12.1/apps/mqtt-pump-with-mac/esp8266/build_contexts/build_ctx_903793406/deps/atca/cryptoauthlib/lib"
mount from "/data/fwbuild-volumes/2.12.1/apps/mqtt-pump-with-mac/esp8266/build_contexts/build_ctx_903793406/deps/mbedtls/include" to "/data/fwbuild-volumes/2.12.1/apps/mqtt-pump-with-mac/esp8266/build_contexts/build_ctx_903793406/deps/mbedtls/include"
mount from "/data/fwbuild-volumes/2.12.1/apps/mqtt-pump-with-mac/esp8266/build_contexts/build_ctx_903793406/deps/mbedtls/include/esp8266" to "/data/fwbuild-volumes/2.12.1/apps/mqtt-pump-with-mac/esp8266/build_contexts/build_ctx_903793406/deps/mbedtls/include/esp8266"
mount from "/data/fwbuild-volumes/2.12.1/apps/mqtt-pump-with-mac/esp8266/build_contexts/build_ctx_903793406/deps/mbedtls/mbedtls/include" to "/data/fwbuild-volumes/2.12.1/apps/mqtt-pump-with-mac/esp8266/build_contexts/build_ctx_903793406/deps/mbedtls/mbedtls/include"
mount from "/data/fwbuild-volumes/2.12.1/apps/mqtt-pump-with-mac/esp8266/build_contexts/build_ctx_903793406/deps/vfs-common/include" to "/data/fwbuild-volumes/2.12.1/apps/mqtt-pump-with-mac/esp8266/build_contexts/build_ctx_903793406/deps/vfs-common/include"
mount from "/data/fwbuild-volumes/2.12.1/apps/mqtt-pump-with-mac/esp8266/build_contexts/build_ctx_903793406/deps/vfs-common/include/esp8266" to "/data/fwbuild-volumes/2.12.1/apps/mqtt-pump-with-mac/esp8266/build_contexts/build_ctx_903793406/deps/vfs-common/include/esp8266"
mount from "/data/fwbuild-volumes/2.12.1/apps/mqtt-pump-with-mac/esp8266/build_contexts/build_ctx_903793406/deps/mongoose/include" to "/data/fwbuild-volumes/2.12.1/apps/mqtt-pump-with-mac/esp8266/build_contexts/build_ctx_903793406/deps/mongoose/include"
mount from "/data/fwbuild-volumes/2.12.1/apps/mqtt-pump-with-mac/esp8266/build_contexts/build_ctx_903793406/deps/vfs-dev-part/include" to "/data/fwbuild-volumes/2.12.1/apps/mqtt-pump-with-mac/esp8266/build_contexts/build_ctx_903793406/deps/vfs-dev-part/include"
mount from "/data/fwbuild-volumes/2.12.1/apps/mqtt-pump-with-mac/esp8266/build_contexts/build_ctx_903793406/deps/vfs-fs-spiffs/include" to "/data/fwbuild-volumes/2.12.1/apps/mqtt-pump-with-mac/esp8266/build_contexts/build_ctx_903793406/deps/vfs-fs-spiffs/include"
mount from "/data/fwbuild-volumes/2.12.1/apps/mqtt-pump-with-mac/esp8266/build_contexts/build_ctx_903793406/deps/vfs-fs-spiffs/include/spiffs" to "/data/fwbuild-volumes/2.12.1/apps/mqtt-pump-with-mac/esp8266/build_contexts/build_ctx_903793406/deps/vfs-fs-spiffs/include/spiffs"
mount from "/data/fwbuild-volumes/2.12.1/apps/mqtt-pump-with-mac/esp8266/build_contexts/build_ctx_903793406/deps/vfs-fs-spiffs/include/esp8266" to "/data/fwbuild-volumes/2.12.1/apps/mqtt-pump-with-mac/esp8266/build_contexts/build_ctx_903793406/deps/vfs-fs-spiffs/include/esp8266"
mount from "/data/fwbuild-volumes/2.12.1/apps/mqtt-pump-with-mac/esp8266/build_contexts/build_ctx_903793406/deps/core/include" to "/data/fwbuild-volumes/2.12.1/apps/mqtt-pump-with-mac/esp8266/build_contexts/build_ctx_903793406/deps/core/include"
mount from "/data/fwbuild-volumes/2.12.1/apps/mqtt-pump-with-mac/esp8266/build_contexts/build_ctx_903793406/deps/core/include/esp8266" to "/data/fwbuild-volumes/2.12.1/apps/mqtt-pump-with-mac/esp8266/build_contexts/build_ctx_903793406/deps/core/include/esp8266"
mount from "/data/fwbuild-volumes/2.12.1/apps/mqtt-pump-with-mac/esp8266/build_contexts/build_ctx_903793406/deps/http-server/include" to "/data/fwbuild-volumes/2.12.1/apps/mqtt-pump-with-mac/esp8266/build_contexts/build_ctx_903793406/deps/http-server/include"
mount from "/data/fwbuild-volumes/2.12.1/apps/mqtt-pump-with-mac/esp8266/build_contexts/build_ctx_903793406/deps/mjs/include" to "/data/fwbuild-volumes/2.12.1/apps/mqtt-pump-with-mac/esp8266/build_contexts/build_ctx_903793406/deps/mjs/include"
mount from "/data/fwbuild-volumes/2.12.1/apps/mqtt-pump-with-mac/esp8266/build_contexts/build_ctx_903793406/deps/mqtt/include" to "/data/fwbuild-volumes/2.12.1/apps/mqtt-pump-with-mac/esp8266/build_contexts/build_ctx_903793406/deps/mqtt/include"
mount from "/data/fwbuild-volumes/2.12.1/apps/mqtt-pump-with-mac/esp8266/build_contexts/build_ctx_903793406/deps/provision/include" to "/data/fwbuild-volumes/2.12.1/apps/mqtt-pump-with-mac/esp8266/build_contexts/build_ctx_903793406/deps/provision/include"
mount from "/data/fwbuild-volumes/2.12.1/apps/mqtt-pump-with-mac/esp8266/build_contexts/build_ctx_903793406/deps/rpc-common/include" to "/data/fwbuild-volumes/2.12.1/apps/mqtt-pump-with-mac/esp8266/build_contexts/build_ctx_903793406/deps/rpc-common/include"
mount from "/data/fwbuild-volumes/2.12.1/apps/mqtt-pump-with-mac/esp8266/build_contexts/build_ctx_903793406/deps/rpc-service-config/include" to "/data/fwbuild-volumes/2.12.1/apps/mqtt-pump-with-mac/esp8266/build_contexts/build_ctx_903793406/deps/rpc-service-config/include"
mount from "/data/fwbuild-volumes/2.12.1/apps/mqtt-pump-with-mac/esp8266/build_contexts/build_ctx_903793406/deps/rpc-service-fs/include" to "/data/fwbuild-volumes/2.12.1/apps/mqtt-pump-with-mac/esp8266/build_contexts/build_ctx_903793406/deps/rpc-service-fs/include"
mount from "/data/fwbuild-volumes/2.12.1/apps/mqtt-pump-with-mac/esp8266/build_contexts/build_ctx_903793406/deps/wifi/include" to "/data/fwbuild-volumes/2.12.1/apps/mqtt-pump-with-mac/esp8266/build_contexts/build_ctx_903793406/deps/wifi/include"
mount from "/data/fwbuild-volumes/2.12.1/apps/mqtt-pump-with-mac/esp8266/build_contexts/build_ctx_903793406/deps/rpc-uart/include" to "/data/fwbuild-volumes/2.12.1/apps/mqtt-pump-with-mac/esp8266/build_contexts/build_ctx_903793406/deps/rpc-uart/include"
mount from "/data/fwbuild-volumes/2.12.1/apps/mqtt-pump-with-mac/esp8266/build_contexts/build_ctx_903793406/deps/ca-bundle/fs" to "/data/fwbuild-volumes/2.12.1/apps/mqtt-pump-with-mac/esp8266/build_contexts/build_ctx_903793406/deps/ca-bundle/fs"
mount from "/data/fwbuild-volumes/2.12.1/apps/mqtt-pump-with-mac/esp8266/build_contexts/build_ctx_903793406/deps/mjs/fs" to "/data/fwbuild-volumes/2.12.1/apps/mqtt-pump-with-mac/esp8266/build_contexts/build_ctx_903793406/deps/mjs/fs"
mount from "/data/fwbuild-volumes/2.12.1/apps/mqtt-pump-with-mac/esp8266/build_contexts/build_ctx_903793406/deps/modules/mjs/mjs/lib" to "/data/fwbuild-volumes/2.12.1/apps/mqtt-pump-with-mac/esp8266/build_contexts/build_ctx_903793406/deps/modules/mjs/mjs/lib"
mount from "/data/fwbuild-volumes/2.12.1/apps/mqtt-pump-with-mac/esp8266/build_contexts/build_ctx_903793406/deps/adc/mjs_fs" to "/data/fwbuild-volumes/2.12.1/apps/mqtt-pump-with-mac/esp8266/build_contexts/build_ctx_903793406/deps/adc/mjs_fs"
mount from "/data/fwbuild-volumes/2.12.1/apps/mqtt-pump-with-mac/esp8266/build_contexts/build_ctx_903793406/deps/i2c/mjs_fs" to "/data/fwbuild-volumes/2.12.1/apps/mqtt-pump-with-mac/esp8266/build_contexts/build_ctx_903793406/deps/i2c/mjs_fs"
mount from "/data/fwbuild-volumes/2.12.1/apps/mqtt-pump-with-mac/esp8266/build_contexts/build_ctx_903793406/deps/mqtt/mjs_fs" to "/data/fwbuild-volumes/2.12.1/apps/mqtt-pump-with-mac/esp8266/build_contexts/build_ctx_903793406/deps/mqtt/mjs_fs"
mount from "/data/fwbuild-volumes/2.12.1/apps/mqtt-pump-with-mac/esp8266/build_contexts/build_ctx_903793406/deps/rpc-common/mjs_fs" to "/data/fwbuild-volumes/2.12.1/apps/mqtt-pump-with-mac/esp8266/build_contexts/build_ctx_903793406/deps/rpc-common/mjs_fs"
mount from "/data/fwbuild-volumes/2.12.1/apps/mqtt-pump-with-mac/esp8266/build_contexts/build_ctx_903793406/deps/wifi/mjs_fs" to "/data/fwbuild-volumes/2.12.1/apps/mqtt-pump-with-mac/esp8266/build_contexts/build_ctx_903793406/deps/wifi/mjs_fs"
mount from "/data/fwbuild-volumes/2.12.1/apps/mqtt-pump-with-mac/esp8266/build_contexts/build_ctx_903793406/deps/mjs/esp8266/fs" to "/data/fwbuild-volumes/2.12.1/apps/mqtt-pump-with-mac/esp8266/build_contexts/build_ctx_903793406/deps/mjs/esp8266/fs"
mount from "/data/fwbuild-volumes/2.12.1/apps/mqtt-pump-with-mac/esp8266/build_contexts/build_ctx_903793406/fs" to "/data/fwbuild-volumes/2.12.1/apps/mqtt-pump-with-mac/esp8266/build_contexts/build_ctx_903793406/fs"
mount from "/data/fwbuild-volumes/2.12.1/apps/mqtt-pump-with-mac/esp8266/build_contexts/build_ctx_903793406/build/objs" to "/data/fwbuild-volumes/2.12.1/apps/mqtt-pump-with-mac/esp8266/build_contexts/build_ctx_903793406/build/objs"
mount from "/data/fwbuild-volumes/2.12.1/apps/mqtt-pump-with-mac/esp8266/build_contexts/build_ctx_903793406/build/objs" to "/data/fwbuild-volumes/2.12.1/apps/mqtt-pump-with-mac/esp8266/build_contexts/build_ctx_903793406/build/objs"
mount from "/data/fwbuild-volumes/2.12.1/apps/mqtt-pump-with-mac/esp8266/build_contexts/build_ctx_903793406/build/gen" to "/data/fwbuild-volumes/2.12.1/apps/mqtt-pump-with-mac/esp8266/build_contexts/build_ctx_903793406/build/gen"
Docker arguments: run --name mos_build_2019-04-22T09-38-22-00_8119497313173570866 --rm -i -v /data/fwbuild-volumes/2.12.1/apps/mqtt-pump-with-mac/esp8266/build_contexts/build_ctx_903793406/build/gen:/data/fwbuild-volumes/2.12.1/apps/mqtt-pump-with-mac/esp8266/build_contexts/build_ctx_903793406/build/gen -v /data/fwbuild-volumes/2.12.1/apps/mqtt-pump-with-mac/esp8266/build_contexts/build_ctx_903793406/deps/atca/cryptoauthlib/lib/basic:/data/fwbuild-volumes/2.12.1/apps/mqtt-pump-with-mac/esp8266/build_contexts/build_ctx_903793406/deps/atca/cryptoauthlib/lib/basic -v /data/fwbuild-volumes/2.12.1/apps/mqtt-pump-with-mac/esp8266/build_contexts/build_ctx_903793406/deps/atca/cryptoauthlib/lib/crypto:/data/fwbuild-volumes/2.12.1/apps/mqtt-pump-with-mac/esp8266/build_contexts/build_ctx_903793406/deps/atca/cryptoauthlib/lib/crypto -v /data/fwbuild-volumes/2.12.1/apps/mqtt-pump-with-mac/esp8266/build_contexts/build_ctx_903793406/deps/atca/cryptoauthlib/lib/host:/data/fwbuild-volumes/2.12.1/apps/mqtt-pump-with-mac/esp8266/build_contexts/build_ctx_903793406/deps/atca/cryptoauthlib/lib/host -v /data/fwbuild-volumes/2.12.1/apps/mqtt-pump-with-mac/esp8266/build_contexts/build_ctx_903793406/deps/mjs/src:/data/fwbuild-volumes/2.12.1/apps/mqtt-pump-with-mac/esp8266/build_contexts/build_ctx_903793406/deps/mjs/src -v /data/fwbuild-volumes/2.12.1/apps/mqtt-pump-with-mac/esp8266/build_contexts/build_ctx_903793406/deps/wifi/esp8266/src:/data/fwbuild-volumes/2.12.1/apps/mqtt-pump-with-mac/esp8266/build_contexts/build_ctx_903793406/deps/wifi/esp8266/src -v /data/fwbuild-volumes/2.12.1/apps/mqtt-pump-with-mac/esp8266/build_contexts/build_ctx_903793406/deps/wifi/mjs_fs:/data/fwbuild-volumes/2.12.1/apps/mqtt-pump-with-mac/esp8266/build_contexts/build_ctx_903793406/deps/wifi/mjs_fs -v /data/fwbuild-volumes/2.12.1/apps/mqtt-pump-with-mac/esp8266/build_contexts/build_ctx_903793406/deps/adc/esp8266/src:/data/fwbuild-volumes/2.12.1/apps/mqtt-pump-with-mac/esp8266/build_contexts/build_ctx_903793406/deps/adc/esp8266/src -v /data/fwbuild-volumes/2.12.1/apps/mqtt-pump-with-mac/esp8266/build_contexts/build_ctx_903793406/deps/vfs-common/src:/data/fwbuild-volumes/2.12.1/apps/mqtt-pump-with-mac/esp8266/build_contexts/build_ctx_903793406/deps/vfs-common/src -v /data/fwbuild-volumes/2.12.1/apps/mqtt-pump-with-mac/esp8266/build_contexts/build_ctx_903793406/deps/rpc-uart/src:/data/fwbuild-volumes/2.12.1/apps/mqtt-pump-with-mac/esp8266/build_contexts/build_ctx_903793406/deps/rpc-uart/src -v /data/fwbuild-volumes/2.12.1/apps/mqtt-pump-with-mac/esp8266/build_contexts/build_ctx_903793406/deps/mbedtls/mbedtls/include:/data/fwbuild-volumes/2.12.1/apps/mqtt-pump-with-mac/esp8266/build_contexts/build_ctx_903793406/deps/mbedtls/mbedtls/include -v /data/fwbuild-volumes/2.12.1/apps/mqtt-pump-with-mac/esp8266/build_contexts/build_ctx_903793406/deps/rpc-uart/include:/data/fwbuild-volumes/2.12.1/apps/mqtt-pump-with-mac/esp8266/build_contexts/build_ctx_903793406/deps/rpc-uart/include -v /data/fwbuild-volumes/2.12.1/apps/mqtt-pump-with-mac/esp8266/build_contexts/build_ctx_903793406/deps/rpc-common/mjs_fs:/data/fwbuild-volumes/2.12.1/apps/mqtt-pump-with-mac/esp8266/build_contexts/build_ctx_903793406/deps/rpc-common/mjs_fs -v /data/fwbuild-volumes/2.12.1/apps/mqtt-pump-with-mac/esp8266/build_contexts/build_ctx_903793406/deps/modules/mongoose-os:/mongoose-os -v /data/fwbuild-volumes/2.12.1/apps/mqtt-pump-with-mac/esp8266/build_contexts/build_ctx_903793406/deps/rpc-service-fs/src:/data/fwbuild-volumes/2.12.1/apps/mqtt-pump-with-mac/esp8266/build_contexts/build_ctx_903793406/deps/rpc-service-fs/src -v /data/fwbuild-volumes/2.12.1/apps/mqtt-pump-with-mac/esp8266/build_contexts/build_ctx_903793406/deps/atca/include:/data/fwbuild-volumes/2.12.1/apps/mqtt-pump-with-mac/esp8266/build_contexts/build_ctx_903793406/deps/atca/include -v /data/fwbuild-volumes/2.12.1/apps/mqtt-pump-with-mac/esp8266/build_contexts/build_ctx_903793406/deps/vfs-common/include:/data/fwbuild-volumes/2.12.1/apps/mqtt-pump-with-mac/esp8266/build_contexts/build_ctx_903793406/deps/vfs-common/include -v /data/fwbuild-volumes/2.12.1/apps/mqtt-pump-with-mac/esp8266/build_contexts/build_ctx_903793406/deps/mongoose/include:/data/fwbuild-volumes/2.12.1/apps/mqtt-pump-with-mac/esp8266/build_contexts/build_ctx_903793406/deps/mongoose/include -v /data/fwbuild-volumes/2.12.1/apps/mqtt-pump-with-mac/esp8266/build_contexts/build_ctx_903793406/deps/adc/mjs_fs:/data/fwbuild-volumes/2.12.1/apps/mqtt-pump-with-mac/esp8266/build_contexts/build_ctx_903793406/deps/adc/mjs_fs -v /data/fwbuild-volumes/2.12.1/apps/mqtt-pump-with-mac/esp8266/build_contexts/build_ctx_903793406/deps/vfs-dev-part/include:/data/fwbuild-volumes/2.12.1/apps/mqtt-pump-with-mac/esp8266/build_contexts/build_ctx_903793406/deps/vfs-dev-part/include -v /data/fwbuild-volumes/2.12.1/apps/mqtt-pump-with-mac/esp8266/build_contexts/build_ctx_903793406/deps/vfs-fs-spiffs/include/spiffs:/data/fwbuild-volumes/2.12.1/apps/mqtt-pump-with-mac/esp8266/build_contexts/build_ctx_903793406/deps/vfs-fs-spiffs/include/spiffs -v /data/fwbuild-volumes/2.12.1/apps/mqtt-pump-with-mac/esp8266/build_contexts/build_ctx_903793406/deps/atca/src:/data/fwbuild-volumes/2.12.1/apps/mqtt-pump-with-mac/esp8266/build_contexts/build_ctx_903793406/deps/atca/src -v /data/fwbuild-volumes/2.12.1/apps/mqtt-pump-with-mac/esp8266/build_contexts/build_ctx_903793406/deps/vfs-common/src/esp8266:/data/fwbuild-volumes/2.12.1/apps/mqtt-pump-with-mac/esp8266/build_contexts/build_ctx_903793406/deps/vfs-common/src/esp8266 -v /data/fwbuild-volumes/2.12.1/apps/mqtt-pump-with-mac/esp8266/build_contexts/build_ctx_903793406/deps/rpc-common/src:/data/fwbuild-volumes/2.12.1/apps/mqtt-pump-with-mac/esp8266/build_contexts/build_ctx_903793406/deps/rpc-common/src -v /data/fwbuild-volumes/2.12.1/apps/mqtt-pump-with-mac/esp8266/build_contexts/build_ctx_903793406/deps/wifi/src:/data/fwbuild-volumes/2.12.1/apps/mqtt-pump-with-mac/esp8266/build_contexts/build_ctx_903793406/deps/wifi/src -v /data/fwbuild-volumes/2.12.1/apps/mqtt-pump-with-mac/esp8266/build_contexts/build_ctx_903793406/deps/rpc-service-wifi/src:/data/fwbuild-volumes/2.12.1/apps/mqtt-pump-with-mac/esp8266/build_contexts/build_ctx_903793406/deps/rpc-service-wifi/src -v /data/fwbuild-volumes/2.12.1/apps/mqtt-pump-with-mac/esp8266/build_contexts/build_ctx_903793406/deps/vfs-common/include/esp8266:/data/fwbuild-volumes/2.12.1/apps/mqtt-pump-with-mac/esp8266/build_contexts/build_ctx_903793406/deps/vfs-common/include/esp8266 -v /data/fwbuild-volumes/2.12.1/apps/mqtt-pump-with-mac/esp8266/build_contexts/build_ctx_903793406/deps/i2c/mjs_fs:/data/fwbuild-volumes/2.12.1/apps/mqtt-pump-with-mac/esp8266/build_contexts/build_ctx_903793406/deps/i2c/mjs_fs -v /data/fwbuild-volumes/2.12.1/apps/mqtt-pump-with-mac/esp8266/build_contexts/build_ctx_903793406/deps/mqtt/mjs_fs:/data/fwbuild-volumes/2.12.1/apps/mqtt-pump-with-mac/esp8266/build_contexts/build_ctx_903793406/deps/mqtt/mjs_fs -v /data/fwbuild-volumes/2.12.1/apps/mqtt-pump-with-mac/esp8266/build_contexts/build_ctx_903793406:/app -v /data/fwbuild-volumes/2.12.1/apps/mqtt-pump-with-mac/esp8266/build_contexts/build_ctx_903793406/deps/vfs-fs-spiffs/src:/data/fwbuild-volumes/2.12.1/apps/mqtt-pump-with-mac/esp8266/build_contexts/build_ctx_903793406/deps/vfs-fs-spiffs/src -v /data/fwbuild-volumes/2.12.1/apps/mqtt-pump-with-mac/esp8266/build_contexts/build_ctx_903793406/deps/http-server/include:/data/fwbuild-volumes/2.12.1/apps/mqtt-pump-with-mac/esp8266/build_contexts/build_ctx_903793406/deps/http-server/include -v /data/fwbuild-volumes/2.12.1/apps/mqtt-pump-with-mac/esp8266/build_contexts/build_ctx_903793406/deps/wifi/include:/data/fwbuild-volumes/2.12.1/apps/mqtt-pump-with-mac/esp8266/build_contexts/build_ctx_903793406/deps/wifi/include -v /data/fwbuild-volumes/2.12.1/apps/mqtt-pump-with-mac/esp8266/build_contexts/build_ctx_903793406/deps/ca-bundle/fs:/data/fwbuild-volumes/2.12.1/apps/mqtt-pump-with-mac/esp8266/build_contexts/build_ctx_903793406/deps/ca-bundle/fs -v /data/fwbuild-volumes/2.12.1/apps/mqtt-pump-with-mac/esp8266/build_contexts/build_ctx_903793406/deps/mjs/fs:/data/fwbuild-volumes/2.12.1/apps/mqtt-pump-with-mac/esp8266/build_contexts/build_ctx_903793406/deps/mjs/fs -v /data/fwbuild-volumes/2.12.1/apps/mqtt-pump-with-mac/esp8266/build_contexts/build_ctx_903793406/deps/i2c/src:/data/fwbuild-volumes/2.12.1/apps/mqtt-pump-with-mac/esp8266/build_contexts/build_ctx_903793406/deps/i2c/src -v /data/fwbuild-volumes/2.12.1/apps/mqtt-pump-with-mac/esp8266/build_contexts/build_ctx_903793406/deps/core/src:/data/fwbuild-volumes/2.12.1/apps/mqtt-pump-with-mac/esp8266/build_contexts/build_ctx_903793406/deps/core/src -v /data/fwbuild-volumes/2.12.1/apps/mqtt-pump-with-mac/esp8266/build_contexts/build_ctx_903793406/deps/modules/mjs:/data/fwbuild-volumes/2.12.1/apps/mqtt-pump-with-mac/esp8266/build_contexts/build_ctx_903793406/deps/modules/mjs -v /data/fwbuild-volumes/2.12.1/apps/mqtt-pump-with-mac/esp8266/build_contexts/build_ctx_903793406/deps/mbedtls/include:/data/fwbuild-volumes/2.12.1/apps/mqtt-pump-with-mac/esp8266/build_contexts/build_ctx_903793406/deps/mbedtls/include -v /data/fwbuild-volumes/2.12.1/apps/mqtt-pump-with-mac/esp8266/build_contexts/build_ctx_903793406/deps/vfs-fs-spiffs/include:/data/fwbuild-volumes/2.12.1/apps/mqtt-pump-with-mac/esp8266/build_contexts/build_ctx_903793406/deps/vfs-fs-spiffs/include -v /data/fwbuild-volumes/2.12.1/apps/mqtt-pump-with-mac/esp8266/build_contexts/build_ctx_903793406/deps/mjs/esp8266/fs:/data/fwbuild-volumes/2.12.1/apps/mqtt-pump-with-mac/esp8266/build_contexts/build_ctx_903793406/deps/mjs/esp8266/fs -v /data/fwbuild-volumes/2.12.1/apps/mqtt-pump-with-mac/esp8266/build_contexts/build_ctx_903793406/build:/data/fwbuild-volumes/2.12.1/apps/mqtt-pump-with-mac/esp8266/build_contexts/build_ctx_903793406/build -v /data/fwbuild-volumes/2.12.1/apps/mqtt-pump-with-mac/esp8266/build_contexts/build_ctx_903793406/deps/atca/cryptoauthlib/lib/hal:/data/fwbuild-volumes/2.12.1/apps/mqtt-pump-with-mac/esp8266/build_contexts/build_ctx_903793406/deps/atca/cryptoauthlib/lib/hal -v /data/fwbuild-volumes/2.12.1/apps/mqtt-pump-with-mac/esp8266/build_contexts/build_ctx_903793406/deps/mjs/esp8266/src:/data/fwbuild-volumes/2.12.1/apps/mqtt-pump-with-mac/esp8266/build_contexts/build_ctx_903793406/deps/mjs/esp8266/src -v /data/fwbuild-volumes/2.12.1/apps/mqtt-pump-with-mac/esp8266/build_contexts/build_ctx_903793406/deps/provision/src:/data/fwbuild-volumes/2.12.1/apps/mqtt-pump-with-mac/esp8266/build_contexts/build_ctx_903793406/deps/provision/src -v /data/fwbuild-volumes/2.12.1/apps/mqtt-pump-with-mac/esp8266/build_contexts/build_ctx_903793406/deps/adc/esp8266/include:/data/fwbuild-volumes/2.12.1/apps/mqtt-pump-with-mac/esp8266/build_contexts/build_ctx_903793406/deps/adc/esp8266/include -v /data/fwbuild-volumes/2.12.1/apps/mqtt-pump-with-mac/esp8266/build_contexts/build_ctx_903793406/deps/adc/include:/data/fwbuild-volumes/2.12.1/apps/mqtt-pump-with-mac/esp8266/build_contexts/build_ctx_903793406/deps/adc/include -v /data/fwbuild-volumes/2.12.1/apps/mqtt-pump-with-mac/esp8266/build_contexts/build_ctx_903793406/deps/mbedtls/include/esp8266:/data/fwbuild-volumes/2.12.1/apps/mqtt-pump-with-mac/esp8266/build_contexts/build_ctx_903793406/deps/mbedtls/include/esp8266 -v /data/fwbuild-volumes/2.12.1/apps/mqtt-pump-with-mac/esp8266/build_contexts/build_ctx_903793406/deps/rpc-service-config/include:/data/fwbuild-volumes/2.12.1/apps/mqtt-pump-with-mac/esp8266/build_contexts/build_ctx_903793406/deps/rpc-service-config/include -v /data/fwbuild-volumes/2.12.1/apps/mqtt-pump-with-mac/esp8266/build_contexts/build_ctx_903793406/deps/atca/cryptoauthlib/lib:/data/fwbuild-volumes/2.12.1/apps/mqtt-pump-with-mac/esp8266/build_contexts/build_ctx_903793406/deps/atca/cryptoauthlib/lib -v /data/fwbuild-volumes/2.12.1/apps/mqtt-pump-with-mac/esp8266/build_contexts/build_ctx_903793406/deps/rpc-service-config/src:/data/fwbuild-volumes/2.12.1/apps/mqtt-pump-with-mac/esp8266/build_contexts/build_ctx_903793406/deps/rpc-service-config/src -v /data/fwbuild-volumes/2.12.1/apps/mqtt-pump-with-mac/esp8266/build_contexts/build_ctx_903793406/deps/core/include:/data/fwbuild-volumes/2.12.1/apps/mqtt-pump-with-mac/esp8266/build_contexts/build_ctx_903793406/deps/core/include -v /data/fwbuild-volumes/2.12.1/apps/mqtt-pump-with-mac/esp8266/build_contexts/build_ctx_903793406/deps/modules/mjs/mjs/lib:/data/fwbuild-volumes/2.12.1/apps/mqtt-pump-with-mac/esp8266/build_contexts/build_ctx_903793406/deps/modules/mjs/mjs/lib -v /data/fwbuild-volumes/2.12.1/apps/mqtt-pump-with-mac/esp8266/build_contexts/build_ctx_903793406/deps/i2c/src/gpio:/data/fwbuild-volumes/2.12.1/apps/mqtt-pump-with-mac/esp8266/build_contexts/build_ctx_903793406/deps/i2c/src/gpio -v /data/fwbuild-volumes/2.12.1/apps/mqtt-pump-with-mac/esp8266/build_contexts/build_ctx_903793406/deps/vfs-dev-part/src:/data/fwbuild-volumes/2.12.1/apps/mqtt-pump-with-mac/esp8266/build_contexts/build_ctx_903793406/deps/vfs-dev-part/src -v /data/fwbuild-volumes/2.12.1/apps/mqtt-pump-with-mac/esp8266/build_contexts/build_ctx_903793406/deps/vfs-fs-spiffs/src/spiffs:/data/fwbuild-volumes/2.12.1/apps/mqtt-pump-with-mac/esp8266/build_contexts/build_ctx_903793406/deps/vfs-fs-spiffs/src/spiffs -v /data/fwbuild-volumes/2.12.1/apps/mqtt-pump-with-mac/esp8266/build_contexts/build_ctx_903793406/deps/rpc-service-fs/include:/data/fwbuild-volumes/2.12.1/apps/mqtt-pump-with-mac/esp8266/build_contexts/build_ctx_903793406/deps/rpc-service-fs/include -v /data/fwbuild-volumes/2.12.1/apps/mqtt-pump-with-mac/esp8266/build_contexts/build_ctx_903793406/deps/modules/mongoose-os:/data/fwbuild-volumes/2.12.1/apps/mqtt-pump-with-mac/esp8266/build_contexts/build_ctx_903793406/deps/modules/mongoose-os -v /data/fwbuild-volumes/2.12.1/apps/mqtt-pump-with-mac/esp8266/build_contexts/build_ctx_903793406/src:/data/fwbuild-volumes/2.12.1/apps/mqtt-pump-with-mac/esp8266/build_contexts/build_ctx_903793406/src -v /data/fwbuild-volumes/2.12.1/apps/mqtt-pump-with-mac/esp8266/build_contexts/build_ctx_903793406/deps/core/src/esp8266:/data/fwbuild-volumes/2.12.1/apps/mqtt-pump-with-mac/esp8266/build_contexts/build_ctx_903793406/deps/core/src/esp8266 -v /data/fwbuild-volumes/2.12.1/apps/mqtt-pump-with-mac/esp8266/build_contexts/build_ctx_903793406/deps/i2c/include:/data/fwbuild-volumes/2.12.1/apps/mqtt-pump-with-mac/esp8266/build_contexts/build_ctx_903793406/deps/i2c/include -v /data/fwbuild-volumes/2.12.1/apps/mqtt-pump-with-mac/esp8266/build_contexts/build_ctx_903793406/deps/provision/include:/data/fwbuild-volumes/2.12.1/apps/mqtt-pump-with-mac/esp8266/build_contexts/build_ctx_903793406/deps/provision/include -v /data/fwbuild-volumes/2.12.1/apps/mqtt-pump-with-mac/esp8266/build_contexts/build_ctx_903793406/deps/sntp/src:/data/fwbuild-volumes/2.12.1/apps/mqtt-pump-with-mac/esp8266/build_contexts/build_ctx_903793406/deps/sntp/src -v /data/fwbuild-volumes/2.12.1/apps/mqtt-pump-with-mac/esp8266/build_contexts/build_ctx_903793406/deps/vfs-fs-spiffs/include/esp8266:/data/fwbuild-volumes/2.12.1/apps/mqtt-pump-with-mac/esp8266/build_contexts/build_ctx_903793406/deps/vfs-fs-spiffs/include/esp8266 -v /data/fwbuild-volumes/2.12.1/apps/mqtt-pump-with-mac/esp8266/build_contexts/build_ctx_903793406/deps/core/include/esp8266:/data/fwbuild-volumes/2.12.1/apps/mqtt-pump-with-mac/esp8266/build_contexts/build_ctx_903793406/deps/core/include/esp8266 -v /data/fwbuild-volumes/2.12.1/apps/mqtt-pump-with-mac/esp8266/build_contexts/build_ctx_903793406/fs:/data/fwbuild-volumes/2.12.1/apps/mqtt-pump-with-mac/esp8266/build_contexts/build_ctx_903793406/fs -v /data/fwbuild-volumes/2.12.1/apps/mqtt-pump-with-mac/esp8266/build_contexts/build_ctx_903793406/deps/http-server/src:/data/fwbuild-volumes/2.12.1/apps/mqtt-pump-with-mac/esp8266/build_contexts/build_ctx_903793406/deps/http-server/src -v /data/fwbuild-volumes/2.12.1/apps/mqtt-pump-with-mac/esp8266/build_contexts/build_ctx_903793406/deps/mqtt/src:/data/fwbuild-volumes/2.12.1/apps/mqtt-pump-with-mac/esp8266/build_contexts/build_ctx_903793406/deps/mqtt/src -v /data/fwbuild-volumes/2.12.1/apps/mqtt-pump-with-mac/esp8266/build_contexts/build_ctx_903793406/deps/mjs/include:/data/fwbuild-volumes/2.12.1/apps/mqtt-pump-with-mac/esp8266/build_contexts/build_ctx_903793406/deps/mjs/include -v /data/fwbuild-volumes/2.12.1/apps/mqtt-pump-with-mac/esp8266/build_contexts/build_ctx_903793406/deps/mqtt/include:/data/fwbuild-volumes/2.12.1/apps/mqtt-pump-with-mac/esp8266/build_contexts/build_ctx_903793406/deps/mqtt/include -v /data/fwbuild-volumes/2.12.1/apps/mqtt-pump-with-mac/esp8266/build_contexts/build_ctx_903793406/deps/rpc-common/include:/data/fwbuild-volumes/2.12.1/apps/mqtt-pump-with-mac/esp8266/build_contexts/build_ctx_903793406/deps/rpc-common/include -v /data/fwbuild-volumes/2.12.1/apps/mqtt-pump-with-mac/esp8266/build_contexts/build_ctx_903793406/build/objs:/data/fwbuild-volumes/2.12.1/apps/mqtt-pump-with-mac/esp8266/build_contexts/build_ctx_903793406/build/objs --user 0:0 docker.io/mgos/esp8266-build:2.2.1-1.5.0-r4 /bin/bash -c nice make '-j' '8' '-C' '/app' '-f' '/mongoose-os/fw/platforms/esp8266/Makefile.build' 'all' 'MGOS_VARS_FILE=/data/fwbuild-volumes/2.12.1/apps/mqtt-pump-with-mac/esp8266/build_contexts/build_ctx_903793406/build/gen/vars.mk'
make: Entering directory '/app'
  MKDIR /data/fwbuild-volumes/2.12.1/apps/mqtt-pump-with-mac/esp8266/build_contexts/build_ctx_903793406/build/fw
  MKDIR /data/fwbuild-volumes/2.12.1/apps/mqtt-pump-with-mac/esp8266/build_contexts/build_ctx_903793406/build/objs/fw_temp
CC esptool2_elf.c
gcc -O2 -Wall -c esptool2_elf.c -o /data/fwbuild-volumes/2.12.1/apps/mqtt-pump-with-mac/esp8266/build_contexts/build_ctx_903793406/build/objs/esptool2_elf.o
  GEN   /data/fwbuild-volumes/2.12.1/apps/mqtt-pump-with-mac/esp8266/build_contexts/build_ctx_903793406/build/gen/mgos_ro_vars.c
  GEN   /data/fwbuild-volumes/2.12.1/apps/mqtt-pump-with-mac/esp8266/build_contexts/build_ctx_903793406/build/gen/mgos_config.c
CC esptool2.c
gcc -O2 -Wall -c esptool2.c -o /data/fwbuild-volumes/2.12.1/apps/mqtt-pump-with-mac/esp8266/build_contexts/build_ctx_903793406/build/objs/esptool2.o
  GEN   /data/fwbuild-volumes/2.12.1/apps/mqtt-pump-with-mac/esp8266/build_contexts/build_ctx_903793406/build/gen/ffi_exports.c
make[1]: warning: -jN forced in submake: disabling jobserver mode.
make[1]: Entering directory '/app'
  GEN   /mongoose-os/fw/platforms/esp8266/ld/non_os.ld (0xffff0 @ 0x40200010) -> /data/fwbuild-volumes/2.12.1/apps/mqtt-pump-with-mac/esp8266/build_contexts/build_ctx_903793406/build/gen/0x100000.ld
  CC    ./src/core/dhcp.c
  CC    ./src/core/mem.c
  CC    ./src/netif/etharp.c
  CC    ./src/core/sys_arch.c
  CC    ./src/core/init.c
LD /data/fwbuild-volumes/2.12.1/apps/mqtt-pump-with-mac/esp8266/build_contexts/build_ctx_903793406/build/objs/esptool2
gcc -o /data/fwbuild-volumes/2.12.1/apps/mqtt-pump-with-mac/esp8266/build_contexts/build_ctx_903793406/build/objs/esptool2 /data/fwbuild-volumes/2.12.1/apps/mqtt-pump-with-mac/esp8266/build_contexts/build_ctx_903793406/build/objs/esptool2.o /data/fwbuild-volumes/2.12.1/apps/mqtt-pump-with-mac/esp8266/build_contexts/build_ctx_903793406/build/objs/esptool2_elf.o
  CC    ./src/core/memp.c
  CC    ./src/core/sys.c
  CC    ./src/core/tcp.c
  CC    ./src/core/dns.c
  CC    /mongoose-os/fw/platforms/esp8266/src/esp_cache.c
CC rboot-stage2a.c
  CC    /data/fwbuild-volumes/2.12.1/apps/mqtt-pump-with-mac/esp8266/build_contexts/build_ctx_903793406/src/main.c
  CC    /data/fwbuild-volumes/2.12.1/apps/mqtt-pump-with-mac/esp8266/build_contexts/build_ctx_903793406/build/gen/mgos_deps_init.c
  CC    /data/fwbuild-volumes/2.12.1/apps/mqtt-pump-with-mac/esp8266/build_contexts/build_ctx_903793406/deps/adc/esp8266/src/esp_adc.c
LD /data/fwbuild-volumes/2.12.1/apps/mqtt-pump-with-mac/esp8266/build_contexts/build_ctx_903793406/build/objs/rboot/rboot-stage2a.elf
  CC    /data/fwbuild-volumes/2.12.1/apps/mqtt-pump-with-mac/esp8266/build_contexts/build_ctx_903793406/deps/i2c/src/mgos_i2c_master.c
E2 /data/fwbuild-volumes/2.12.1/apps/mqtt-pump-with-mac/esp8266/build_contexts/build_ctx_903793406/build/gen/rboot-hex2a.h
CC rboot.c
  CC    ./src/core/def.c
  CC    /data/fwbuild-volumes/2.12.1/apps/mqtt-pump-with-mac/esp8266/build_contexts/build_ctx_903793406/deps/i2c/src/gpio/gpio_i2c_master.c
  CC    ./src/core/raw.c
  CC    /data/fwbuild-volumes/2.12.1/apps/mqtt-pump-with-mac/esp8266/build_contexts/build_ctx_903793406/deps/atca/cryptoauthlib/lib/atca_cfgs.c
  CC    /data/fwbuild-volumes/2.12.1/apps/mqtt-pump-with-mac/esp8266/build_contexts/build_ctx_903793406/deps/atca/src/mgos_atca.c
  CC    ./src/core/tcp_in.c
  CC    /data/fwbuild-volumes/2.12.1/apps/mqtt-pump-with-mac/esp8266/build_contexts/build_ctx_903793406/deps/atca/cryptoauthlib/lib/atca_command.c
LD /data/fwbuild-volumes/2.12.1/apps/mqtt-pump-with-mac/esp8266/build_contexts/build_ctx_903793406/build/objs/rboot/rboot.elf
  CC    /data/fwbuild-volumes/2.12.1/apps/mqtt-pump-with-mac/esp8266/build_contexts/build_ctx_903793406/deps/atca/cryptoauthlib/lib/atca_device.c
E2 /data/fwbuild-volumes/2.12.1/apps/mqtt-pump-with-mac/esp8266/build_contexts/build_ctx_903793406/build/objs/rboot/rboot.bin
  CC    /data/fwbuild-volumes/2.12.1/apps/mqtt-pump-with-mac/esp8266/build_contexts/build_ctx_903793406/deps/atca/cryptoauthlib/lib/atca_iface.c
  CC    ./src/core/sntp.c
  CC    /data/fwbuild-volumes/2.12.1/apps/mqtt-pump-with-mac/esp8266/build_contexts/build_ctx_903793406/deps/atca/cryptoauthlib/lib/basic/atca_basic.c
  CC    ./src/core/pbuf.c
  CC    /data/fwbuild-volumes/2.12.1/apps/mqtt-pump-with-mac/esp8266/build_contexts/build_ctx_903793406/deps/atca/cryptoauthlib/lib/basic/atca_helpers.c
  CC    /data/fwbuild-volumes/2.12.1/apps/mqtt-pump-with-mac/esp8266/build_contexts/build_ctx_903793406/deps/atca/cryptoauthlib/lib/host/atca_host.c
  CC    /data/fwbuild-volumes/2.12.1/apps/mqtt-pump-with-mac/esp8266/build_contexts/build_ctx_903793406/deps/vfs-common/src/mgos_vfs.c
  CC    /data/fwbuild-volumes/2.12.1/apps/mqtt-pump-with-mac/esp8266/build_contexts/build_ctx_903793406/deps/vfs-common/src/mgos_vfs_dev.c
  CC    /data/fwbuild-volumes/2.12.1/apps/mqtt-pump-with-mac/esp8266/build_contexts/build_ctx_903793406/deps/vfs-common/src/esp8266/esp_flash_writer.c
  CC    /data/fwbuild-volumes/2.12.1/apps/mqtt-pump-with-mac/esp8266/build_contexts/build_ctx_903793406/deps/vfs-common/src/mgos_vfs_internal.c
  CC    ./src/core/netif.c
  CC    ./src/core/stats.c
  CC    /data/fwbuild-volumes/2.12.1/apps/mqtt-pump-with-mac/esp8266/build_contexts/build_ctx_903793406/deps/vfs-common/src/esp8266/esp_fs.c
  CC    ./src/core/timers.c
  CC    /data/fwbuild-volumes/2.12.1/apps/mqtt-pump-with-mac/esp8266/build_contexts/build_ctx_903793406/deps/vfs-common/src/esp8266/esp_vfs_dev_sysflash.c
  CC    /data/fwbuild-volumes/2.12.1/apps/mqtt-pump-with-mac/esp8266/build_contexts/build_ctx_903793406/deps/vfs-dev-part/src/mgos_vfs_dev_part.c
  CC    /data/fwbuild-volumes/2.12.1/apps/mqtt-pump-with-mac/esp8266/build_contexts/build_ctx_903793406/deps/vfs-fs-spiffs/src/mgos_vfs_fs_spiffs.c
  CC    ./src/core/mdns.c
  CC    ./src/core/udp.c
  CC    /data/fwbuild-volumes/2.12.1/apps/mqtt-pump-with-mac/esp8266/build_contexts/build_ctx_903793406/deps/vfs-fs-spiffs/src/spiffs/spiffs_cache.c
  CC    ./src/core/tcp_out.c
  CC    ./src/core/ipv4/ip_frag.c
  CC    /data/fwbuild-volumes/2.12.1/apps/mqtt-pump-with-mac/esp8266/build_contexts/build_ctx_903793406/deps/vfs-fs-spiffs/src/spiffs/spiffs_check.c
  CC    /data/fwbuild-volumes/2.12.1/apps/mqtt-pump-with-mac/esp8266/build_contexts/build_ctx_903793406/deps/vfs-fs-spiffs/src/spiffs/spiffs_gc.c
  CC    /data/fwbuild-volumes/2.12.1/apps/mqtt-pump-with-mac/esp8266/build_contexts/build_ctx_903793406/deps/vfs-fs-spiffs/src/spiffs/spiffs_hydrogen.c
  CC    ./src/core/ipv4/inet.c
  CC    ./src/core/ipv4/ip_addr.c
  CC    /data/fwbuild-volumes/2.12.1/apps/mqtt-pump-with-mac/esp8266/build_contexts/build_ctx_903793406/deps/vfs-fs-spiffs/src/spiffs/spiffs_nucleus.c
  CC    ./src/core/ipv4/igmp.c
  CC    /data/fwbuild-volumes/2.12.1/apps/mqtt-pump-with-mac/esp8266/build_contexts/build_ctx_903793406/deps/core/src/mgos_core.c
  CC    /data/fwbuild-volumes/2.12.1/apps/mqtt-pump-with-mac/esp8266/build_contexts/build_ctx_903793406/deps/core/src/esp8266/esp_rboot.c
  CC    ./src/core/ipv4/ip.c
  CC    /data/fwbuild-volumes/2.12.1/apps/mqtt-pump-with-mac/esp8266/build_contexts/build_ctx_903793406/deps/http-server/src/mgos_http_server.c
  CC    ./src/core/ipv4/autoip.c
  CC    /data/fwbuild-volumes/2.12.1/apps/mqtt-pump-with-mac/esp8266/build_contexts/build_ctx_903793406/deps/mjs/src/mos_mjs.c
  CC    ./src/core/ipv4/inet_chksum.c
  CC    /data/fwbuild-volumes/2.12.1/apps/mqtt-pump-with-mac/esp8266/build_contexts/build_ctx_903793406/deps/modules/mjs/mjs.c
  CC    ./src/core/ipv4/icmp.c
  CC    /data/fwbuild-volumes/2.12.1/apps/mqtt-pump-with-mac/esp8266/build_contexts/build_ctx_903793406/deps/mjs/esp8266/src/esp8266_mjs.c
  CC    ./src/api/netbuf.c
  CC    /data/fwbuild-volumes/2.12.1/apps/mqtt-pump-with-mac/esp8266/build_contexts/build_ctx_903793406/deps/mqtt/src/mgos_mqtt.c
  CC    /data/fwbuild-volumes/2.12.1/apps/mqtt-pump-with-mac/esp8266/build_contexts/build_ctx_903793406/deps/provision/src/mgos_provision.c
  CC    ./src/api/netifapi.c
  CC    ./src/api/api_lib.c
  CC    ./src/api/tcpip.c
  CC    /data/fwbuild-volumes/2.12.1/apps/mqtt-pump-with-mac/esp8266/build_contexts/build_ctx_903793406/deps/provision/src/mgos_provision_btn.c
  CC    /data/fwbuild-volumes/2.12.1/apps/mqtt-pump-with-mac/esp8266/build_contexts/build_ctx_903793406/deps/provision/src/mgos_provision_led.c
  CC    ./src/api/err.c
  CC    ./src/api/netdb.c
  CC    ./src/api/api_msg.c
  CC    /data/fwbuild-volumes/2.12.1/apps/mqtt-pump-with-mac/esp8266/build_contexts/build_ctx_903793406/deps/provision/src/mgos_provision_state.c
  CC    ./src/api/sockets.c
  CC    ./espressif/app/espconn.c
  CC    /data/fwbuild-volumes/2.12.1/apps/mqtt-pump-with-mac/esp8266/build_contexts/build_ctx_903793406/deps/rpc-common/src/mg_rpc.c
  CC    ./espressif/app/netio.c
  CC    ./espressif/app/espconn_buf.c
  CC    /data/fwbuild-volumes/2.12.1/apps/mqtt-pump-with-mac/esp8266/build_contexts/build_ctx_903793406/deps/rpc-common/src/mg_rpc_channel.c
  CC    ./espressif/app/espconn_tcp.c
  CC    /data/fwbuild-volumes/2.12.1/apps/mqtt-pump-with-mac/esp8266/build_contexts/build_ctx_903793406/deps/rpc-common/src/mg_rpc_channel_http.c
  CC    ./espressif/app/ping.c
  CC    /data/fwbuild-volumes/2.12.1/apps/mqtt-pump-with-mac/esp8266/build_contexts/build_ctx_903793406/deps/rpc-service-config/src/mgos_service_config.c
  CC    /data/fwbuild-volumes/2.12.1/apps/mqtt-pump-with-mac/esp8266/build_contexts/build_ctx_903793406/deps/rpc-common/src/mgos_rpc.c
  CC    ./espressif/app/dhcpserver.c
  CC    ./espressif/app/espconn_mdns.c
  CC    /data/fwbuild-volumes/2.12.1/apps/mqtt-pump-with-mac/esp8266/build_contexts/build_ctx_903793406/deps/rpc-service-fs/src/mgos_service_filesystem.c
  CC    ./espressif/app/espconn_udp.c
  CC    /data/fwbuild-volumes/2.12.1/apps/mqtt-pump-with-mac/esp8266/build_contexts/build_ctx_903793406/deps/wifi/src/mgos_wifi.c
  CC    /data/fwbuild-volumes/2.12.1/apps/mqtt-pump-with-mac/esp8266/build_contexts/build_ctx_903793406/deps/wifi/src/mjs_wifi.c
  CC    /data/fwbuild-volumes/2.12.1/apps/mqtt-pump-with-mac/esp8266/build_contexts/build_ctx_903793406/deps/wifi/esp8266/src/esp_wifi.c
  AR /data/fwbuild-volumes/2.12.1/apps/mqtt-pump-with-mac/esp8266/build_contexts/build_ctx_903793406/build/objs/lwip/liblwip_cs.a
  CC    /data/fwbuild-volumes/2.12.1/apps/mqtt-pump-with-mac/esp8266/build_contexts/build_ctx_903793406/deps/rpc-service-wifi/src/mgos_rpc_service_wifi.c
  CC    /data/fwbuild-volumes/2.12.1/apps/mqtt-pump-with-mac/esp8266/build_contexts/build_ctx_903793406/deps/rpc-uart/src/mgos_rpc_channel_uart.c
  CC    /data/fwbuild-volumes/2.12.1/apps/mqtt-pump-with-mac/esp8266/build_contexts/build_ctx_903793406/deps/sntp/src/mgos_sntp.c
make[1]: Leaving directory '/opt/Espressif/cs_lwip'
  CC    /data/fwbuild-volumes/2.12.1/apps/mqtt-pump-with-mac/esp8266/build_contexts/build_ctx_903793406/build/gen/ffi_exports.c
  CC    /mongoose-os/common/cs_file.c
  CC    /mongoose-os/common/cs_rbuf.c
  CC    /mongoose-os/fw/src/mgos_config_util.c
  CC    /mongoose-os/fw/src/mgos_core_dump.c
  CC    /mongoose-os/fw/src/mgos_dlsym.c
  CC    /mongoose-os/fw/src/mgos_event.c
  CC    /mongoose-os/fw/src/mgos_file_utils.c
  CC    /mongoose-os/fw/src/mgos_gpio.c
  CC    /mongoose-os/fw/src/mgos_hw_timers.c
  CC    /mongoose-os/fw/src/mgos_init.c
  CC    /mongoose-os/fw/src/mgos_time.c
  CC    /mongoose-os/fw/src/mgos_timers.c
  CC    /mongoose-os/fw/src/mgos_mmap_esp.c
  CC    /mongoose-os/fw/src/mgos_sys_config.c
  CC    /data/fwbuild-volumes/2.12.1/apps/mqtt-pump-with-mac/esp8266/build_contexts/build_ctx_903793406/build/gen/mgos_config.c
  CC    /data/fwbuild-volumes/2.12.1/apps/mqtt-pump-with-mac/esp8266/build_contexts/build_ctx_903793406/build/gen/mgos_ro_vars.c
  CC    /mongoose-os/fw/src/mgos_system.c
  CC    /mongoose-os/fw/src/mgos_uart.c
  CC    /mongoose-os/fw/src/mgos_utils.c
  CC    /mongoose-os/common/cs_crc32.c
  CC    /mongoose-os/common/platforms/esp8266/rboot/rboot/appcode/rboot-bigflash.c
  CC    /mongoose-os/common/platforms/esp8266/rboot/rboot/appcode/rboot-api.c
  CC    /mongoose-os/common/json_utils.c
  CC    /mongoose-os/common/umm_malloc/umm_malloc.c
  CC    /mongoose-os/frozen/frozen.c
  CC    /mongoose-os/fw/platforms/esp8266/src/esp_config.c
  CC    /mongoose-os/fw/platforms/esp8266/src/esp_coredump.c
  CC    /mongoose-os/fw/platforms/esp8266/src/esp_debug.c
  CC    /mongoose-os/fw/platforms/esp8266/src/esp_exc.c
  CC    /mongoose-os/fw/platforms/esp8266/src/esp_gpio.c
  CC    /mongoose-os/fw/platforms/esp8266/src/esp_hal.c
  CC    /mongoose-os/fw/platforms/esp8266/src/esp_heap_trace.c
  CC    /mongoose-os/fw/platforms/esp8266/src/esp_hw_timers.c
  CC    /mongoose-os/fw/platforms/esp8266/src/esp_hw_wdt.c
  CC    /mongoose-os/fw/platforms/esp8266/src/esp_libc.c
  CC    /mongoose-os/fw/platforms/esp8266/src/esp_main.c
  CC    /mongoose-os/fw/platforms/esp8266/src/esp_periph.c
  CC    /mongoose-os/fw/platforms/esp8266/src/esp_uart.c
  CXX    /mongoose-os/common/util/error_codes.cpp
  CXX    /mongoose-os/common/util/status.cpp
  CC    /mongoose-os/common/platforms/esp8266/esp_crypto.c
  CC    /mongoose-os/common/platforms/esp8266/esp_umm_malloc.c
  CC    /mongoose-os/fw/src/mgos_debug.c
  CC    /mongoose-os/fw/src/mgos_net.c
  CC    /mongoose-os/fw/src/mgos_bitbang.c
  CC    /mongoose-os/fw/platforms/esp8266/src/esp_exc_non_os.c
  AS    /mongoose-os/fw/platforms/esp8266/src/esp_exc_vectors.S -> /data/fwbuild-volumes/2.12.1/apps/mqtt-pump-with-mac/esp8266/build_contexts/build_ctx_903793406/build/objs/esp_exc_vectors.S.o
  AS    /mongoose-os/fw/platforms/esp8266/src/esp_nsleep100.S -> /data/fwbuild-volumes/2.12.1/apps/mqtt-pump-with-mac/esp8266/build_contexts/build_ctx_903793406/build/objs/esp_nsleep100.S.o
  CP    /data/fwbuild-volumes/2.12.1/apps/mqtt-pump-with-mac/esp8266/build_contexts/build_ctx_903793406/build/gen/conf0.json -> /data/fwbuild-volumes/2.12.1/apps/mqtt-pump-with-mac/esp8266/build_contexts/build_ctx_903793406/build/objs/fs
  CP    /data/fwbuild-volumes/2.12.1/apps/mqtt-pump-with-mac/esp8266/build_contexts/build_ctx_903793406/deps/ca-bundle/fs/ca.pem -> /data/fwbuild-volumes/2.12.1/apps/mqtt-pump-with-mac/esp8266/build_contexts/build_ctx_903793406/build/objs/fs
  CP    /data/fwbuild-volumes/2.12.1/apps/mqtt-pump-with-mac/esp8266/build_contexts/build_ctx_903793406/deps/mjs/fs/api_bitbang.js -> /data/fwbuild-volumes/2.12.1/apps/mqtt-pump-with-mac/esp8266/build_contexts/build_ctx_903793406/build/objs/fs
  CP    /data/fwbuild-volumes/2.12.1/apps/mqtt-pump-with-mac/esp8266/build_contexts/build_ctx_903793406/deps/mjs/fs/api_config.js -> /data/fwbuild-volumes/2.12.1/apps/mqtt-pump-with-mac/esp8266/build_contexts/build_ctx_903793406/build/objs/fs
  CP    /data/fwbuild-volumes/2.12.1/apps/mqtt-pump-with-mac/esp8266/build_contexts/build_ctx_903793406/deps/mjs/fs/api_events.js -> /data/fwbuild-volumes/2.12.1/apps/mqtt-pump-with-mac/esp8266/build_contexts/build_ctx_903793406/build/objs/fs
  CP    /data/fwbuild-volumes/2.12.1/apps/mqtt-pump-with-mac/esp8266/build_contexts/build_ctx_903793406/deps/mjs/fs/api_gpio.js -> /data/fwbuild-volumes/2.12.1/apps/mqtt-pump-with-mac/esp8266/build_contexts/build_ctx_903793406/build/objs/fs
  CP    /data/fwbuild-volumes/2.12.1/apps/mqtt-pump-with-mac/esp8266/build_contexts/build_ctx_903793406/deps/mjs/fs/api_http.js -> /data/fwbuild-volumes/2.12.1/apps/mqtt-pump-with-mac/esp8266/build_contexts/build_ctx_903793406/build/objs/fs
  CP    /data/fwbuild-volumes/2.12.1/apps/mqtt-pump-with-mac/esp8266/build_contexts/build_ctx_903793406/deps/mjs/fs/api_log.js -> /data/fwbuild-volumes/2.12.1/apps/mqtt-pump-with-mac/esp8266/build_contexts/build_ctx_903793406/build/objs/fs
  CP    /data/fwbuild-volumes/2.12.1/apps/mqtt-pump-with-mac/esp8266/build_contexts/build_ctx_903793406/deps/mjs/fs/api_net.js -> /data/fwbuild-volumes/2.12.1/apps/mqtt-pump-with-mac/esp8266/build_contexts/build_ctx_903793406/build/objs/fs
  CP    /data/fwbuild-volumes/2.12.1/apps/mqtt-pump-with-mac/esp8266/build_contexts/build_ctx_903793406/deps/mjs/fs/api_sys.js -> /data/fwbuild-volumes/2.12.1/apps/mqtt-pump-with-mac/esp8266/build_contexts/build_ctx_903793406/build/objs/fs
  CP    /data/fwbuild-volumes/2.12.1/apps/mqtt-pump-with-mac/esp8266/build_contexts/build_ctx_903793406/deps/mjs/fs/api_timer.js -> /data/fwbuild-volumes/2.12.1/apps/mqtt-pump-with-mac/esp8266/build_contexts/build_ctx_903793406/build/objs/fs
  CP    /data/fwbuild-volumes/2.12.1/apps/mqtt-pump-with-mac/esp8266/build_contexts/build_ctx_903793406/deps/mjs/fs/api_uart.js -> /data/fwbuild-volumes/2.12.1/apps/mqtt-pump-with-mac/esp8266/build_contexts/build_ctx_903793406/build/objs/fs
  CP    /data/fwbuild-volumes/2.12.1/apps/mqtt-pump-with-mac/esp8266/build_contexts/build_ctx_903793406/deps/mjs/fs/init.js -> /data/fwbuild-volumes/2.12.1/apps/mqtt-pump-with-mac/esp8266/build_contexts/build_ctx_903793406/build/objs/fs
  CP    /data/fwbuild-volumes/2.12.1/apps/mqtt-pump-with-mac/esp8266/build_contexts/build_ctx_903793406/deps/modules/mjs/mjs/lib/api_dataview.js -> /data/fwbuild-volumes/2.12.1/apps/mqtt-pump-with-mac/esp8266/build_contexts/build_ctx_903793406/build/objs/fs
  CP    /data/fwbuild-volumes/2.12.1/apps/mqtt-pump-with-mac/esp8266/build_contexts/build_ctx_903793406/deps/modules/mjs/mjs/lib/api_file.js -> /data/fwbuild-volumes/2.12.1/apps/mqtt-pump-with-mac/esp8266/build_contexts/build_ctx_903793406/build/objs/fs
  CP    /data/fwbuild-volumes/2.12.1/apps/mqtt-pump-with-mac/esp8266/build_contexts/build_ctx_903793406/deps/modules/mjs/mjs/lib/api_math.js -> /data/fwbuild-volumes/2.12.1/apps/mqtt-pump-with-mac/esp8266/build_contexts/build_ctx_903793406/build/objs/fs
  CP    /data/fwbuild-volumes/2.12.1/apps/mqtt-pump-with-mac/esp8266/build_contexts/build_ctx_903793406/deps/adc/mjs_fs/api_adc.js -> /data/fwbuild-volumes/2.12.1/apps/mqtt-pump-with-mac/esp8266/build_contexts/build_ctx_903793406/build/objs/fs
  CP    /data/fwbuild-volumes/2.12.1/apps/mqtt-pump-with-mac/esp8266/build_contexts/build_ctx_903793406/deps/i2c/mjs_fs/api_i2c.js -> /data/fwbuild-volumes/2.12.1/apps/mqtt-pump-with-mac/esp8266/build_contexts/build_ctx_903793406/build/objs/fs
  CP    /data/fwbuild-volumes/2.12.1/apps/mqtt-pump-with-mac/esp8266/build_contexts/build_ctx_903793406/deps/mqtt/mjs_fs/api_mqtt.js -> /data/fwbuild-volumes/2.12.1/apps/mqtt-pump-with-mac/esp8266/build_contexts/build_ctx_903793406/build/objs/fs
  CP    /data/fwbuild-volumes/2.12.1/apps/mqtt-pump-with-mac/esp8266/build_contexts/build_ctx_903793406/deps/rpc-common/mjs_fs/api_rpc.js -> /data/fwbuild-volumes/2.12.1/apps/mqtt-pump-with-mac/esp8266/build_contexts/build_ctx_903793406/build/objs/fs
  CP    /data/fwbuild-volumes/2.12.1/apps/mqtt-pump-with-mac/esp8266/build_contexts/build_ctx_903793406/deps/wifi/mjs_fs/api_wifi.js -> /data/fwbuild-volumes/2.12.1/apps/mqtt-pump-with-mac/esp8266/build_contexts/build_ctx_903793406/build/objs/fs
  CP    /data/fwbuild-volumes/2.12.1/apps/mqtt-pump-with-mac/esp8266/build_contexts/build_ctx_903793406/deps/mjs/esp8266/fs/api_arch_uart.js -> /data/fwbuild-volumes/2.12.1/apps/mqtt-pump-with-mac/esp8266/build_contexts/build_ctx_903793406/build/objs/fs
  CP    /data/fwbuild-volumes/2.12.1/apps/mqtt-pump-with-mac/esp8266/build_contexts/build_ctx_903793406/deps/mjs/esp8266/fs/api_esp8266.js -> /data/fwbuild-volumes/2.12.1/apps/mqtt-pump-with-mac/esp8266/build_contexts/build_ctx_903793406/build/objs/fs
  CP    /data/fwbuild-volumes/2.12.1/apps/mqtt-pump-with-mac/esp8266/build_contexts/build_ctx_903793406/fs/.vscode -> /data/fwbuild-volumes/2.12.1/apps/mqtt-pump-with-mac/esp8266/build_contexts/build_ctx_903793406/build/objs/fs
cp: -r not specified; omitting directory '/data/fwbuild-volumes/2.12.1/apps/mqtt-pump-with-mac/esp8266/build_contexts/build_ctx_903793406/fs/.vscode'
  CP    /data/fwbuild-volumes/2.12.1/apps/mqtt-pump-with-mac/esp8266/build_contexts/build_ctx_903793406/fs/index.html -> /data/fwbuild-volumes/2.12.1/apps/mqtt-pump-with-mac/esp8266/build_contexts/build_ctx_903793406/build/objs/fs
  CP    /data/fwbuild-volumes/2.12.1/apps/mqtt-pump-with-mac/esp8266/build_contexts/build_ctx_903793406/fs/init.js -> /data/fwbuild-volumes/2.12.1/apps/mqtt-pump-with-mac/esp8266/build_contexts/build_ctx_903793406/build/objs/fs
  CP    /data/fwbuild-volumes/2.12.1/apps/mqtt-pump-with-mac/esp8266/build_contexts/build_ctx_903793406/fs/zepto.min.js -> /data/fwbuild-volumes/2.12.1/apps/mqtt-pump-with-mac/esp8266/build_contexts/build_ctx_903793406/build/objs/fs
  MKFS  /usr/local/bin/mkspiffs8 262144 4096 256 4096 /data/fwbuild-volumes/2.12.1/apps/mqtt-pump-with-mac/esp8266/build_contexts/build_ctx_903793406/build/objs/fs -> /data/fwbuild-volumes/2.12.1/apps/mqtt-pump-with-mac/esp8266/build_contexts/build_ctx_903793406/build/objs/fw_temp/fs.bin
     FS params: size=262144, bs=4096, ps=256, es=4096
       Adding init.js: 3249
       Adding api_net.js: 5122
       Adding zepto.min.js: 26387
       Adding api_i2c.js: 4880
       Adding api_wifi.js: 1020
       Adding api_http.js: 3812
       Adding api_events.js: 3857
       Adding api_config.js: 2170
       Adding api_mqtt.js: 2927
       Adding api_rpc.js: 2792
       Adding api_file.js: 2105
       Adding api_math.js: 1890
       Adding api_gpio.js: 3571
       Adding api_timer.js: 1736
       Adding api_uart.js: 5772
       Adding api_bitbang.js: 815
       Adding api_adc.js: 803
       Adding api_arch_uart.js: 651
       Adding index.html: 12807
       Adding api_sys.js: 1652
       Adding api_log.js: 2005
       Adding api_esp8266.js: 231
       Adding ca.pem: 25586
       Adding api_dataview.js: 7433
       Adding conf0.json: 2348
     FS stats : space total=233681, used=135540, free=98141
  GEN   /data/fwbuild-volumes/2.12.1/apps/mqtt-pump-with-mac/esp8266/build_contexts/build_ctx_903793406/build/gen/mg_build_info.c
  AR    /data/fwbuild-volumes/2.12.1/apps/mqtt-pump-with-mac/esp8266/build_contexts/build_ctx_903793406/build/objs/mongoose-os.a
  CC    /data/fwbuild-volumes/2.12.1/apps/mqtt-pump-with-mac/esp8266/build_contexts/build_ctx_903793406/build/gen/mg_build_info.c
  GEN   /data/fwbuild-volumes/2.12.1/apps/mqtt-pump-with-mac/esp8266/build_contexts/build_ctx_903793406/build/gen/build_info.c
fatal: not a git repository (or any parent up to mount point /)
Stopping at filesystem boundary (GIT_DISCOVERY_ACROSS_FILESYSTEM not set).
  CC    /data/fwbuild-volumes/2.12.1/apps/mqtt-pump-with-mac/esp8266/build_contexts/build_ctx_903793406/build/gen/build_info.c
  LD    /data/fwbuild-volumes/2.12.1/apps/mqtt-pump-with-mac/esp8266/build_contexts/build_ctx_903793406/build/objs/mqtt-pump-with-mac.elf
  FW    /data/fwbuild-volumes/2.12.1/apps/mqtt-pump-with-mac/esp8266/build_contexts/build_ctx_903793406/build/objs/mqtt-pump-with-mac.elf -> /data/fwbuild-volumes/2.12.1/apps/mqtt-pump-with-mac/esp8266/build_contexts/build_ctx_903793406/build/objs/mqtt-pump-with-mac.bin
  GEN    /data/fwbuild-volumes/2.12.1/apps/mqtt-pump-with-mac/esp8266/build_contexts/build_ctx_903793406/build/objs/fw_temp/manifest.json
  ZIP    /data/fwbuild-volumes/2.12.1/apps/mqtt-pump-with-mac/esp8266/build_contexts/build_ctx_903793406/build/fw/mqtt-pump-with-mac-esp8266-last.zip
     Adding /data/fwbuild-volumes/2.12.1/apps/mqtt-pump-with-mac/esp8266/build_contexts/build_ctx_903793406/build/objs/fw_temp/esp_init_data_default_v08.bin
     Adding /data/fwbuild-volumes/2.12.1/apps/mqtt-pump-with-mac/esp8266/build_contexts/build_ctx_903793406/build/objs/fw_temp/fs.bin
     Adding /data/fwbuild-volumes/2.12.1/apps/mqtt-pump-with-mac/esp8266/build_contexts/build_ctx_903793406/build/objs/fw_temp/mqtt-pump-with-mac.bin
     Adding /data/fwbuild-volumes/2.12.1/apps/mqtt-pump-with-mac/esp8266/build_contexts/build_ctx_903793406/build/objs/fw_temp/rboot.bin
  Built mqtt-pump-with-mac/esp8266 version 1.0 (20190422-093827)
make: Leaving directory '/app'
Success, built mqtt-pump-with-mac/esp8266 version 1.0 (20190422-093827).
Firmware saved to /data/fwbuild-volumes/2.12.1/apps/mqtt-pump-with-mac/esp8266/build_contexts/build_ctx_903793406/build/fw.zip
